This file contains any messages produced by compilers while
running configure, to aid debugging if configure makes a mistake.

It was created by Xenomai configure 3.0.5, which was
generated by GNU Autoconf 2.69.  Invocation command line was

  $ ./configure --with-pic --with-core=cobalt --enable-smp --disable-tls --enable-dlopen-libs --disable-clock-monotonic-raw

## --------- ##
## Platform. ##
## --------- ##

hostname = v200
uname -m = x86_64
uname -r = 4.15.0-29-generic
uname -s = Linux
uname -v = #31~16.04.1-Ubuntu SMP Wed Jul 18 08:54:04 UTC 2018

/usr/bin/uname -p = unknown
/bin/uname -X     = unknown

/bin/arch              = unknown
/usr/bin/arch -k       = unknown
/usr/convex/getsysinfo = unknown
/usr/bin/hostinfo      = unknown
/bin/machine           = unknown
/usr/bin/oslevel       = unknown
/bin/universe          = unknown

PATH: /home/unitree/bin
PATH: /home/unitree/.local/bin
PATH: /usr/local/sbin
PATH: /usr/local/bin
PATH: /usr/sbin
PATH: /usr/bin
PATH: /sbin
PATH: /bin
PATH: /usr/games
PATH: /usr/local/games
PATH: /snap/bin


## ----------- ##
## Core tests. ##
## ----------- ##

configure:2468: checking whether we build for Cobalt or Mercury core
configure:2487: result: cobalt
configure:2528: checking build system type
configure:2542: result: x86_64-unknown-linux-gnu
configure:2562: checking host system type
configure:2575: result: x86_64-unknown-linux-gnu
configure:2609: checking for a BSD-compatible install
configure:2677: result: /usr/bin/install -c
configure:2750: checking for gcc
configure:2766: found /usr/bin/gcc
configure:2777: result: gcc
configure:3006: checking for C compiler version
configure:3015: gcc --version >&5
gcc (Ubuntu 5.4.0-6ubuntu1~16.04.10) 5.4.0 20160609
Copyright (C) 2015 Free Software Foundation, Inc.
This is free software; see the source for copying conditions.  There is NO
warranty; not even for MERCHANTABILITY or FITNESS FOR A PARTICULAR PURPOSE.

configure:3026: $? = 0
configure:3015: gcc -v >&5
Using built-in specs.
COLLECT_GCC=gcc
COLLECT_LTO_WRAPPER=/usr/lib/gcc/x86_64-linux-gnu/5/lto-wrapper
Target: x86_64-linux-gnu
Configured with: ../src/configure -v --with-pkgversion='Ubuntu 5.4.0-6ubuntu1~16.04.10' --with-bugurl=file:///usr/share/doc/gcc-5/README.Bugs --enable-languages=c,ada,c++,java,go,d,fortran,objc,obj-c++ --prefix=/usr --program-suffix=-5 --enable-shared --enable-linker-build-id --libexecdir=/usr/lib --without-included-gettext --enable-threads=posix --libdir=/usr/lib --enable-nls --with-sysroot=/ --enable-clocale=gnu --enable-libstdcxx-debug --enable-libstdcxx-time=yes --with-default-libstdcxx-abi=new --enable-gnu-unique-object --disable-vtable-verify --enable-libmpx --enable-plugin --with-system-zlib --disable-browser-plugin --enable-java-awt=gtk --enable-gtk-cairo --with-java-home=/usr/lib/jvm/java-1.5.0-gcj-5-amd64/jre --enable-java-home --with-jvm-root-dir=/usr/lib/jvm/java-1.5.0-gcj-5-amd64 --with-jvm-jar-dir=/usr/lib/jvm-exports/java-1.5.0-gcj-5-amd64 --with-arch-directory=amd64 --with-ecj-jar=/usr/share/java/eclipse-ecj.jar --enable-objc-gc --enable-multiarch --disable-werror --with-arch-32=i686 --with-abi=m64 --with-multilib-list=m32,m64,mx32 --enable-multilib --with-tune=generic --enable-checking=release --build=x86_64-linux-gnu --host=x86_64-linux-gnu --target=x86_64-linux-gnu
Thread model: posix
gcc version 5.4.0 20160609 (Ubuntu 5.4.0-6ubuntu1~16.04.10) 
configure:3026: $? = 0
configure:3015: gcc -V >&5
gcc: error: unrecognized command line option '-V'
gcc: fatal error: no input files
compilation terminated.
configure:3026: $? = 1
configure:3015: gcc -qversion >&5
gcc: error: unrecognized command line option '-qversion'
gcc: fatal error: no input files
compilation terminated.
configure:3026: $? = 1
configure:3046: checking whether the C compiler works
configure:3068: gcc    conftest.c  >&5
configure:3072: $? = 0
configure:3120: result: yes
configure:3123: checking for C compiler default output file name
configure:3125: result: a.out
configure:3131: checking for suffix of executables
configure:3138: gcc -o conftest    conftest.c  >&5
configure:3142: $? = 0
configure:3164: result: 
configure:3186: checking whether we are cross compiling
configure:3194: gcc -o conftest    conftest.c  >&5
configure:3198: $? = 0
configure:3205: ./conftest
configure:3209: $? = 0
configure:3224: result: no
configure:3229: checking for suffix of object files
configure:3251: gcc -c   conftest.c >&5
configure:3255: $? = 0
configure:3276: result: o
configure:3280: checking whether we are using the GNU C compiler
configure:3299: gcc -c   conftest.c >&5
configure:3299: $? = 0
configure:3308: result: yes
configure:3317: checking whether gcc accepts -g
configure:3337: gcc -c -g  conftest.c >&5
configure:3337: $? = 0
configure:3378: result: yes
configure:3395: checking for gcc option to accept ISO C89
configure:3458: gcc  -c -g -O2  conftest.c >&5
configure:3458: $? = 0
configure:3471: result: none needed
configure:3499: checking whether gcc understands -c and -o together
configure:3521: gcc -c conftest.c -o conftest2.o
configure:3524: $? = 0
configure:3521: gcc -c conftest.c -o conftest2.o
configure:3524: $? = 0
configure:3536: result: yes
configure:3564: checking how to run the C preprocessor
configure:3595: gcc -E  conftest.c
configure:3595: $? = 0
configure:3609: gcc -E  conftest.c
conftest.c:10:28: fatal error: ac_nonexistent.h: No such file or directory
compilation terminated.
configure:3609: $? = 1
configure: failed program was:
| /* confdefs.h */
| #define PACKAGE_NAME "Xenomai"
| #define PACKAGE_TARNAME "xenomai"
| #define PACKAGE_VERSION "3.0.5"
| #define PACKAGE_STRING "Xenomai 3.0.5"
| #define PACKAGE_BUGREPORT "xenomai@xenomai.org"
| #define PACKAGE_URL ""
| #define CONFIG_XENO_COBALT 1
| /* end confdefs.h.  */
| #include <ac_nonexistent.h>
configure:3634: result: gcc -E
configure:3654: gcc -E  conftest.c
configure:3654: $? = 0
configure:3668: gcc -E  conftest.c
conftest.c:10:28: fatal error: ac_nonexistent.h: No such file or directory
compilation terminated.
configure:3668: $? = 1
configure: failed program was:
| /* confdefs.h */
| #define PACKAGE_NAME "Xenomai"
| #define PACKAGE_TARNAME "xenomai"
| #define PACKAGE_VERSION "3.0.5"
| #define PACKAGE_STRING "Xenomai 3.0.5"
| #define PACKAGE_BUGREPORT "xenomai@xenomai.org"
| #define PACKAGE_URL ""
| #define CONFIG_XENO_COBALT 1
| /* end confdefs.h.  */
| #include <ac_nonexistent.h>
configure:3697: checking target system type
configure:3710: result: x86_64-unknown-linux-gnu
configure:3788: checking for gcc
configure:3804: found /usr/bin/gcc
configure:3815: result: gcc
configure:4044: checking for C compiler version
configure:4053: gcc --version >&5
gcc (Ubuntu 5.4.0-6ubuntu1~16.04.10) 5.4.0 20160609
Copyright (C) 2015 Free Software Foundation, Inc.
This is free software; see the source for copying conditions.  There is NO
warranty; not even for MERCHANTABILITY or FITNESS FOR A PARTICULAR PURPOSE.

configure:4064: $? = 0
configure:4053: gcc -v >&5
Using built-in specs.
COLLECT_GCC=gcc
COLLECT_LTO_WRAPPER=/usr/lib/gcc/x86_64-linux-gnu/5/lto-wrapper
Target: x86_64-linux-gnu
Configured with: ../src/configure -v --with-pkgversion='Ubuntu 5.4.0-6ubuntu1~16.04.10' --with-bugurl=file:///usr/share/doc/gcc-5/README.Bugs --enable-languages=c,ada,c++,java,go,d,fortran,objc,obj-c++ --prefix=/usr --program-suffix=-5 --enable-shared --enable-linker-build-id --libexecdir=/usr/lib --without-included-gettext --enable-threads=posix --libdir=/usr/lib --enable-nls --with-sysroot=/ --enable-clocale=gnu --enable-libstdcxx-debug --enable-libstdcxx-time=yes --with-default-libstdcxx-abi=new --enable-gnu-unique-object --disable-vtable-verify --enable-libmpx --enable-plugin --with-system-zlib --disable-browser-plugin --enable-java-awt=gtk --enable-gtk-cairo --with-java-home=/usr/lib/jvm/java-1.5.0-gcj-5-amd64/jre --enable-java-home --with-jvm-root-dir=/usr/lib/jvm/java-1.5.0-gcj-5-amd64 --with-jvm-jar-dir=/usr/lib/jvm-exports/java-1.5.0-gcj-5-amd64 --with-arch-directory=amd64 --with-ecj-jar=/usr/share/java/eclipse-ecj.jar --enable-objc-gc --enable-multiarch --disable-werror --with-arch-32=i686 --with-abi=m64 --with-multilib-list=m32,m64,mx32 --enable-multilib --with-tune=generic --enable-checking=release --build=x86_64-linux-gnu --host=x86_64-linux-gnu --target=x86_64-linux-gnu
Thread model: posix
gcc version 5.4.0 20160609 (Ubuntu 5.4.0-6ubuntu1~16.04.10) 
configure:4064: $? = 0
configure:4053: gcc -V >&5
gcc: error: unrecognized command line option '-V'
gcc: fatal error: no input files
compilation terminated.
configure:4064: $? = 1
configure:4053: gcc -qversion >&5
gcc: error: unrecognized command line option '-qversion'
gcc: fatal error: no input files
compilation terminated.
configure:4064: $? = 1
configure:4068: checking whether we are using the GNU C compiler
configure:4096: result: yes
configure:4105: checking whether gcc accepts -g
configure:4125: gcc -c   conftest.c >&5
configure:4125: $? = 0
configure:4166: result: yes
configure:4183: checking for gcc option to accept ISO C89
configure:4259: result: none needed
configure:4284: checking whether gcc understands -c and -o together
configure:4321: result: yes
configure:4343: checking how to run the C preprocessor
configure:4374: gcc -E  conftest.c
configure:4374: $? = 0
configure:4388: gcc -E  conftest.c
conftest.c:10:28: fatal error: ac_nonexistent.h: No such file or directory
compilation terminated.
configure:4388: $? = 1
configure: failed program was:
| /* confdefs.h */
| #define PACKAGE_NAME "Xenomai"
| #define PACKAGE_TARNAME "xenomai"
| #define PACKAGE_VERSION "3.0.5"
| #define PACKAGE_STRING "Xenomai 3.0.5"
| #define PACKAGE_BUGREPORT "xenomai@xenomai.org"
| #define PACKAGE_URL ""
| #define CONFIG_XENO_COBALT 1
| /* end confdefs.h.  */
| #include <ac_nonexistent.h>
configure:4413: result: gcc -E
configure:4433: gcc -E  conftest.c
configure:4433: $? = 0
configure:4447: gcc -E  conftest.c
conftest.c:10:28: fatal error: ac_nonexistent.h: No such file or directory
compilation terminated.
configure:4447: $? = 1
configure: failed program was:
| /* confdefs.h */
| #define PACKAGE_NAME "Xenomai"
| #define PACKAGE_TARNAME "xenomai"
| #define PACKAGE_VERSION "3.0.5"
| #define PACKAGE_STRING "Xenomai 3.0.5"
| #define PACKAGE_BUGREPORT "xenomai@xenomai.org"
| #define PACKAGE_URL ""
| #define CONFIG_XENO_COBALT 1
| /* end confdefs.h.  */
| #include <ac_nonexistent.h>
configure:4481: checking for grep that handles long lines and -e
configure:4539: result: /bin/grep
configure:4544: checking for BSD- or MS-compatible name lister (nm)
configure:4598: result: /usr/bin/nm -B
configure:4728: checking the name lister (/usr/bin/nm -B) interface
configure:4735: gcc -c   conftest.c >&5
configure:4738: /usr/bin/nm -B "conftest.o"
configure:4741: output
0000000000000000 B some_variable
configure:4748: result: BSD nm
configure:4757: checking for gawk
configure:4787: result: no
configure:4757: checking for mawk
configure:4773: found /usr/bin/mawk
configure:4784: result: mawk
configure:4795: checking for a sed that does not truncate output
configure:4859: result: /bin/sed
configure:4877: checking for egrep
configure:4939: result: /bin/grep -E
configure:4944: checking for fgrep
configure:5006: result: /bin/grep -F
configure:5033: checking how to print strings
configure:5060: result: printf
configure:5093: checking for ld used by gcc
configure:5160: result: /usr/bin/ld
configure:5167: checking if the linker (/usr/bin/ld) is GNU ld
configure:5182: result: yes
configure:5223: checking command to parse /usr/bin/nm -B output from gcc object
configure:5376: gcc -c   conftest.c >&5
configure:5379: $? = 0
configure:5383: /usr/bin/nm -B conftest.o \| sed -n -e 's/^.*[ ]\([ABCDGIRSTW][ABCDGIRSTW]*\)[ ][ ]*\([_A-Za-z][_A-Za-z0-9]*\)$/\1 \2 \2/p' | sed '/ __gnu_lto/d' \> conftest.nm
configure:5386: $? = 0
configure:5452: gcc -o conftest    conftest.c conftstm.o >&5
configure:5455: $? = 0
configure:5493: result: ok
configure:5540: checking for _ prefix in compiled symbols
configure:5550: gcc -c   conftest.c >&5
configure:5553: $? = 0
configure:5557: /usr/bin/nm -B conftest.o \| sed -n -e 's/^.*[	 ]\([ABCDGIRSTW][ABCDGIRSTW]*\)[	 ][	 ]*\([_A-Za-z][_A-Za-z0-9]*\)$/\1 \2 \2/p' | sed '/ __gnu_lto/d' \> conftest.nm
configure:5560: $? = 0
configure:5582: result: no
configure:5613: checking whether build environment is sane
configure:5668: result: yes
configure:5816: checking for a thread-safe mkdir -p
configure:5855: result: /bin/mkdir -p
configure:5858: checking whether make sets $(MAKE)
configure:5880: result: yes
configure:5910: checking for style of include used by make
configure:5938: result: GNU
configure:5972: checking whether make supports nested variables
configure:5989: result: yes
configure:6078: checking whether UID '1000' is supported by ustar format
configure:6081: result: yes
configure:6088: checking whether GID '1000' is supported by ustar format
configure:6091: result: yes
configure:6099: checking how to create a ustar tar archive
configure:6110: tar --version
tar (GNU tar) 1.28
Copyright (C) 2014 Free Software Foundation, Inc.
License GPLv3+: GNU GPL version 3 or later <http://gnu.org/licenses/gpl.html>.
This is free software: you are free to change and redistribute it.
There is NO WARRANTY, to the extent permitted by law.

Written by John Gilmore and Jay Fenlason.
configure:6113: $? = 0
configure:6153: tardir=conftest.dir && eval tar --format=ustar -chf - "$tardir" >conftest.tar
configure:6156: $? = 0
configure:6160: tar -xf - <conftest.tar
configure:6163: $? = 0
configure:6165: cat conftest.dir/file
GrepMe
configure:6168: $? = 0
configure:6181: result: gnutar
configure:6190: checking dependency style of gcc
configure:6301: result: gcc3
configure:6370: checking whether make supports nested variables
configure:6387: result: yes
configure:6399: checking whether to enable maintainer-specific portions of Makefiles
configure:6408: result: no
configure:6430: checking dependency style of gcc
configure:6539: result: gcc3
configure:6559: checking for flex
configure:6589: result: no
configure:6559: checking for lex
configure:6589: result: no
configure:6720: checking for target architecture
configure:6769: result: x86
configure:6845: checking whether ln -s works
configure:6849: result: yes
configure:6857: checking the maximum length of command line arguments
configure:6988: result: 1572864
configure:7036: checking how to convert x86_64-unknown-linux-gnu file names to x86_64-unknown-linux-gnu format
configure:7076: result: func_convert_file_noop
configure:7083: checking how to convert x86_64-unknown-linux-gnu file names to toolchain format
configure:7103: result: func_convert_file_noop
configure:7110: checking for /usr/bin/ld option to reload object files
configure:7117: result: -r
configure:7191: checking for objdump
configure:7207: found /usr/bin/objdump
configure:7218: result: objdump
configure:7250: checking how to recognize dependent libraries
configure:7450: result: pass_all
configure:7535: checking for dlltool
configure:7565: result: no
configure:7595: checking how to associate runtime and link libraries
configure:7622: result: printf %s\n
configure:7682: checking for ar
configure:7698: found /usr/bin/ar
configure:7709: result: ar
configure:7746: checking for archiver @FILE support
configure:7763: gcc -c   conftest.c >&5
configure:7763: $? = 0
configure:7766: ar cru libconftest.a @conftest.lst >&5
ar: `u' modifier ignored since `D' is the default (see `U')
configure:7769: $? = 0
configure:7774: ar cru libconftest.a @conftest.lst >&5
ar: `u' modifier ignored since `D' is the default (see `U')
ar: conftest.o: No such file or directory
configure:7777: $? = 1
configure:7789: result: @
configure:7847: checking for strip
configure:7863: found /usr/bin/strip
configure:7874: result: strip
configure:7946: checking for ranlib
configure:7962: found /usr/bin/ranlib
configure:7973: result: ranlib
configure:8046: checking for sysroot
configure:8076: result: no
configure:8083: checking for a working dd
configure:8121: result: /bin/dd
configure:8125: checking how to truncate binary pipes
configure:8140: result: /bin/dd bs=4096 count=1
configure:8276: gcc -c   conftest.c >&5
configure:8279: $? = 0
configure:8469: checking for mt
configure:8485: found /bin/mt
configure:8496: result: mt
configure:8519: checking if mt is a manifest tool
configure:8525: mt '-?'
configure:8533: result: no
configure:9206: checking for ANSI C header files
configure:9226: gcc -c   conftest.c >&5
configure:9226: $? = 0
configure:9299: gcc -o conftest    conftest.c  >&5
configure:9299: $? = 0
configure:9299: ./conftest
configure:9299: $? = 0
configure:9310: result: yes
configure:9323: checking for sys/types.h
configure:9323: gcc -c   conftest.c >&5
configure:9323: $? = 0
configure:9323: result: yes
configure:9323: checking for sys/stat.h
configure:9323: gcc -c   conftest.c >&5
configure:9323: $? = 0
configure:9323: result: yes
configure:9323: checking for stdlib.h
configure:9323: gcc -c   conftest.c >&5
configure:9323: $? = 0
configure:9323: result: yes
configure:9323: checking for string.h
configure:9323: gcc -c   conftest.c >&5
configure:9323: $? = 0
configure:9323: result: yes
configure:9323: checking for memory.h
configure:9323: gcc -c   conftest.c >&5
configure:9323: $? = 0
configure:9323: result: yes
configure:9323: checking for strings.h
configure:9323: gcc -c   conftest.c >&5
configure:9323: $? = 0
configure:9323: result: yes
configure:9323: checking for inttypes.h
configure:9323: gcc -c   conftest.c >&5
configure:9323: $? = 0
configure:9323: result: yes
configure:9323: checking for stdint.h
configure:9323: gcc -c   conftest.c >&5
configure:9323: $? = 0
configure:9323: result: yes
configure:9323: checking for unistd.h
configure:9323: gcc -c   conftest.c >&5
configure:9323: $? = 0
configure:9323: result: yes
configure:9337: checking for dlfcn.h
configure:9337: gcc -c   conftest.c >&5
configure:9337: $? = 0
configure:9337: result: yes
configure:9563: checking for objdir
configure:9578: result: .libs
configure:9842: checking if gcc supports -fno-rtti -fno-exceptions
configure:9860: gcc -c   -fno-rtti -fno-exceptions conftest.c >&5
cc1: warning: command line option '-fno-rtti' is valid for C++/ObjC++ but not for C
configure:9864: $? = 0
configure:9877: result: no
configure:10235: checking for gcc option to produce PIC
configure:10242: result: -fPIC -DPIC
configure:10250: checking if gcc PIC flag -fPIC -DPIC works
configure:10268: gcc -c   -fPIC -DPIC -DPIC conftest.c >&5
configure:10272: $? = 0
configure:10285: result: yes
configure:10314: checking if gcc static flag -static works
configure:10342: result: yes
configure:10357: checking if gcc supports -c -o file.o
configure:10378: gcc -c   -o out/conftest2.o conftest.c >&5
configure:10382: $? = 0
configure:10404: result: yes
configure:10412: checking if gcc supports -c -o file.o
configure:10459: result: yes
configure:10492: checking whether the gcc linker (/usr/bin/ld -m elf_x86_64) supports shared libraries
configure:11751: result: yes
configure:11788: checking whether -lc should be explicitly linked in
configure:11796: gcc -c   conftest.c >&5
configure:11799: $? = 0
configure:11814: gcc -shared  -fPIC -DPIC conftest.o  -v -Wl,-soname -Wl,conftest -o conftest 2\>\&1 \| /bin/grep  -lc  \>/dev/null 2\>\&1
configure:11817: $? = 0
configure:11831: result: no
configure:11991: checking dynamic linker characteristics
configure:12572: gcc -o conftest    -Wl,-rpath -Wl,/foo conftest.c  >&5
configure:12572: $? = 0
configure:12812: result: GNU/Linux ld.so
configure:12934: checking how to hardcode library paths into programs
configure:12959: result: immediate
configure:13507: checking whether stripping libraries is possible
configure:13512: result: yes
configure:13547: checking if libtool supports shared libraries
configure:13549: result: yes
configure:13552: checking whether to build shared libraries
configure:13577: result: yes
configure:13580: checking whether to build static libraries
configure:13584: result: yes
configure:13626: checking whether to enable debug mode
configure:13652: result: no
configure:13679: checking whether to enable the low resolution clock
configure:13689: result: no
configure:13703: checking whether we may use CLOCK_MONOTONIC_RAW
configure:13713: result: no
configure:13728: checking whether assertions should be enabled
configure:13738: result: no
configure:13743: checking whether asynchronous cancellation of threads is enabled
configure:13753: result: no
configure:13764: checking whether to enable the workaround for broken PI with condvars
configure:13774: result: no
configure:13789: checking whether shared multi-processing should be supported
configure:13799: result: no
configure:13819: checking whether the registry should be enabled
configure:13830: result: no
configure:14069: checking for SMP support
configure:14079: result: y
configure:14084: checking whether to enable sanity checks
configure:14094: result: y
configure:14110: checking for x86 VSYSCALL availability
configure:14120: result: y
configure:14126: checking whether to build documentation
configure:14153: checking whether to install documentation
configure:14163: result: y
configure:14176: checking for doxygen
configure:14206: result: no
configure:14218: checking for dot
configure:14246: result: NO
configure:14262: checking for LaTeX mode
configure:14275: result: batch
configure:14280: checking for asciidoc
configure:14310: result: no
configure:14320: checking for a2x
configure:14350: result: no
configure:14360: checking for w3m
configure:14390: result: no
configure:14427: checking valgrind/valgrind.h usability
configure:14427: gcc -c   conftest.c >&5
conftest.c:62:31: fatal error: valgrind/valgrind.h: No such file or directory
compilation terminated.
configure:14427: $? = 1
configure: failed program was:
| /* confdefs.h */
| #define PACKAGE_NAME "Xenomai"
| #define PACKAGE_TARNAME "xenomai"
| #define PACKAGE_VERSION "3.0.5"
| #define PACKAGE_STRING "Xenomai 3.0.5"
| #define PACKAGE_BUGREPORT "xenomai@xenomai.org"
| #define PACKAGE_URL ""
| #define CONFIG_XENO_COBALT 1
| #define CONFIG_XENO_BUILD_STRING "x86_64-unknown-linux-gnu"
| #define CONFIG_XENO_HOST_STRING "x86_64-unknown-linux-gnu"
| #define CONFIG_XENO_COMPILER "gcc version 5.4.0 20160609 (Ubuntu 5.4.0-6ubuntu1~16.04.10) "
| #define PACKAGE "xenomai"
| #define VERSION "3.0.5"
| #define STDC_HEADERS 1
| #define HAVE_SYS_TYPES_H 1
| #define HAVE_SYS_STAT_H 1
| #define HAVE_STDLIB_H 1
| #define HAVE_STRING_H 1
| #define HAVE_MEMORY_H 1
| #define HAVE_STRINGS_H 1
| #define HAVE_INTTYPES_H 1
| #define HAVE_STDINT_H 1
| #define HAVE_UNISTD_H 1
| #define HAVE_DLFCN_H 1
| #define LT_OBJDIR ".libs/"
| #define CONFIG_XENO_LORES_CLOCK_DISABLED 1
| #define CONFIG_XENO_SANITY 1
| /* end confdefs.h.  */
| #include <stdio.h>
| #ifdef HAVE_SYS_TYPES_H
| # include <sys/types.h>
| #endif
| #ifdef HAVE_SYS_STAT_H
| # include <sys/stat.h>
| #endif
| #ifdef STDC_HEADERS
| # include <stdlib.h>
| # include <stddef.h>
| #else
| # ifdef HAVE_STDLIB_H
| #  include <stdlib.h>
| # endif
| #endif
| #ifdef HAVE_STRING_H
| # if !defined STDC_HEADERS && defined HAVE_MEMORY_H
| #  include <memory.h>
| # endif
| # include <string.h>
| #endif
| #ifdef HAVE_STRINGS_H
| # include <strings.h>
| #endif
| #ifdef HAVE_INTTYPES_H
| # include <inttypes.h>
| #endif
| #ifdef HAVE_STDINT_H
| # include <stdint.h>
| #endif
| #ifdef HAVE_UNISTD_H
| # include <unistd.h>
| #endif
| #include <valgrind/valgrind.h>
configure:14427: result: no
configure:14427: checking valgrind/valgrind.h presence
configure:14427: gcc -E  conftest.c
conftest.c:29:31: fatal error: valgrind/valgrind.h: No such file or directory
compilation terminated.
configure:14427: $? = 1
configure: failed program was:
| /* confdefs.h */
| #define PACKAGE_NAME "Xenomai"
| #define PACKAGE_TARNAME "xenomai"
| #define PACKAGE_VERSION "3.0.5"
| #define PACKAGE_STRING "Xenomai 3.0.5"
| #define PACKAGE_BUGREPORT "xenomai@xenomai.org"
| #define PACKAGE_URL ""
| #define CONFIG_XENO_COBALT 1
| #define CONFIG_XENO_BUILD_STRING "x86_64-unknown-linux-gnu"
| #define CONFIG_XENO_HOST_STRING "x86_64-unknown-linux-gnu"
| #define CONFIG_XENO_COMPILER "gcc version 5.4.0 20160609 (Ubuntu 5.4.0-6ubuntu1~16.04.10) "
| #define PACKAGE "xenomai"
| #define VERSION "3.0.5"
| #define STDC_HEADERS 1
| #define HAVE_SYS_TYPES_H 1
| #define HAVE_SYS_STAT_H 1
| #define HAVE_STDLIB_H 1
| #define HAVE_STRING_H 1
| #define HAVE_MEMORY_H 1
| #define HAVE_STRINGS_H 1
| #define HAVE_INTTYPES_H 1
| #define HAVE_STDINT_H 1
| #define HAVE_UNISTD_H 1
| #define HAVE_DLFCN_H 1
| #define LT_OBJDIR ".libs/"
| #define CONFIG_XENO_LORES_CLOCK_DISABLED 1
| #define CONFIG_XENO_SANITY 1
| /* end confdefs.h.  */
| #include <valgrind/valgrind.h>
configure:14427: result: no
configure:14427: checking for valgrind/valgrind.h
configure:14427: result: no
configure:14434: checking for Valgrind client API
configure:14443: result: no
configure:14479: checking obstack.h usability
configure:14479: gcc -c   conftest.c >&5
configure:14479: $? = 0
configure:14479: result: yes
configure:14479: checking obstack.h presence
configure:14479: gcc -E  conftest.c
configure:14479: $? = 0
configure:14479: result: yes
configure:14479: checking for obstack.h
configure:14479: result: yes
configure:14500: checking mqueue.h usability
configure:14500: gcc -c   conftest.c >&5
configure:14500: $? = 0
configure:14500: result: yes
configure:14500: checking mqueue.h presence
configure:14500: gcc -E  conftest.c
configure:14500: $? = 0
configure:14500: result: yes
configure:14500: checking for mqueue.h
configure:14500: result: yes
configure:14531: checking for pthread_mutexattr_setprotocol
configure:14531: gcc -o conftest    conftest.c  -lrt -lpthread >&5
configure:14531: $? = 0
configure:14531: result: yes
configure:14531: checking for pthread_mutexattr_getprotocol
configure:14531: gcc -o conftest    conftest.c  -lrt -lpthread >&5
configure:14531: $? = 0
configure:14531: result: yes
configure:14531: checking for pthread_mutexattr_setrobust_np
configure:14531: gcc -o conftest    conftest.c  -lrt -lpthread >&5
configure:14531: $? = 0
configure:14531: result: yes
configure:14531: checking for pthread_condattr_getclock
configure:14531: gcc -o conftest    conftest.c  -lrt -lpthread >&5
configure:14531: $? = 0
configure:14531: result: yes
configure:14531: checking for pthread_condattr_setclock
configure:14531: gcc -o conftest    conftest.c  -lrt -lpthread >&5
configure:14531: $? = 0
configure:14531: result: yes
configure:14531: checking for pthread_spin_lock
configure:14531: gcc -o conftest    conftest.c  -lrt -lpthread >&5
configure:14531: $? = 0
configure:14531: result: yes
configure:14531: checking for fork
configure:14531: gcc -o conftest    conftest.c  -lrt -lpthread >&5
conftest.c:60:6: warning: conflicting types for built-in function 'fork'
 char fork ();
      ^
configure:14531: $? = 0
configure:14531: result: yes
configure:14531: checking for pthread_attr_setaffinity_np
configure:14531: gcc -o conftest    conftest.c  -lrt -lpthread >&5
configure:14531: $? = 0
configure:14531: result: yes
configure:14531: checking for pthread_setaffinity_np
configure:14531: gcc -o conftest    conftest.c  -lrt -lpthread >&5
configure:14531: $? = 0
configure:14531: result: yes
configure:14531: checking for pthread_getattr_np
configure:14531: gcc -o conftest    conftest.c  -lrt -lpthread >&5
configure:14531: $? = 0
configure:14531: result: yes
configure:14531: checking for pthread_atfork
configure:14531: gcc -o conftest    conftest.c  -lrt -lpthread >&5
configure:14531: $? = 0
configure:14531: result: yes
configure:14531: checking for pthread_setname_np
configure:14531: gcc -o conftest    conftest.c  -lrt -lpthread >&5
configure:14531: $? = 0
configure:14531: result: yes
configure:14531: checking for sched_getcpu
configure:14531: gcc -o conftest    conftest.c  -lrt -lpthread >&5
configure:14531: $? = 0
configure:14531: result: yes
configure:14531: checking for clock_nanosleep
configure:14531: gcc -o conftest    conftest.c  -lrt -lpthread >&5
configure:14531: $? = 0
configure:14531: result: yes
configure:14531: checking for shm_open
configure:14531: gcc -o conftest    conftest.c  -lrt -lpthread >&5
configure:14531: $? = 0
configure:14531: result: yes
configure:14531: checking for shm_unlink
configure:14531: gcc -o conftest    conftest.c  -lrt -lpthread >&5
configure:14531: $? = 0
configure:14531: result: yes
configure:14531: checking for backtrace
configure:14531: gcc -o conftest    conftest.c  -lrt -lpthread >&5
configure:14531: $? = 0
configure:14531: result: yes
configure:14544: checking whether PTHREAD_PRIO_NONE is declared
configure:14544: gcc -c   -D_GNU_SOURCE conftest.c >&5
configure:14544: $? = 0
configure:14544: result: yes
configure:14556: checking whether PTHREAD_RECURSIVE_MUTEX_INITIALIZER_NP is declared
configure:14556: gcc -c   -D_GNU_SOURCE conftest.c >&5
configure:14556: $? = 0
configure:14556: result: yes
configure:14568: checking whether PTHREAD_ERRORCHECK_MUTEX_INITIALIZER_NP is declared
configure:14568: gcc -c   -D_GNU_SOURCE conftest.c >&5
configure:14568: $? = 0
configure:14568: result: yes
configure:14688: checking whether the compiler provides atomic builtins
configure:14709: gcc -o conftest    conftest.c  >&5
configure:14709: $? = 0
configure:14716: result: yes
configure:14723: checking for fortify support
configure:14733: result: autodetect
configure:14735: checking for __vfprintf_chk
configure:14735: gcc -o conftest    conftest.c  >&5
conftest.c:87:6: warning: conflicting types for built-in function '__vfprintf_chk'
 char __vfprintf_chk ();
      ^
configure:14735: $? = 0
configure:14735: result: yes
configure:14783: checking whether ld supports @file
configure:14801: gcc -o conftest   -Wl,@/dev/null conftest.c  >&5
conftest.c:65:1: warning: return type defaults to 'int' [-Wimplicit-int]
 main(){}
 ^
configure:14801: $? = 0
configure:14817: result: yes
configure:14822: checking whether to enable dlopening of Xenomai libraries
configure:14832: result: y
configure:14852: checking whether to enable TLS support
configure:14859: result: no
configure:14893: checking location for test executables
configure:14910: result: ${exec_prefix}/bin
configure:14914: checking location for demo programs
configure:14931: result: ${exec_prefix}/demo
configure:14934: checking for test source generation
configure:14951: gcc -o conftest    conftest.c  >&5
configure:14951: $? = 0
configure:14951: ./conftest
configure:14951: $? = 0
configure:14952: result: ok
configure:15148: checking that generated files are newer than configure
configure:15154: result: done
configure:15225: creating ./config.status

## ---------------------- ##
## Running config.status. ##
## ---------------------- ##

This file was extended by Xenomai config.status 3.0.5, which was
generated by GNU Autoconf 2.69.  Invocation command line was

  CONFIG_FILES    = 
  CONFIG_HEADERS  = 
  CONFIG_LINKS    = 
  CONFIG_COMMANDS = 
  $ ./config.status 

on v200

config.status:1337: creating Makefile
config.status:1337: creating config/Makefile
config.status:1337: creating scripts/Makefile
config.status:1337: creating scripts/xeno-config
config.status:1337: creating scripts/xeno
config.status:1337: creating lib/Makefile
config.status:1337: creating lib/boilerplate/Makefile
config.status:1337: creating lib/boilerplate/init/Makefile
config.status:1337: creating lib/cobalt/Makefile
config.status:1337: creating lib/cobalt/arch/Makefile
config.status:1337: creating lib/cobalt/arch/arm/Makefile
config.status:1337: creating lib/cobalt/arch/arm/include/Makefile
config.status:1337: creating lib/cobalt/arch/arm/include/asm/Makefile
config.status:1337: creating lib/cobalt/arch/arm/include/asm/xenomai/Makefile
config.status:1337: creating lib/cobalt/arch/powerpc/Makefile
config.status:1337: creating lib/cobalt/arch/powerpc/include/Makefile
config.status:1337: creating lib/cobalt/arch/powerpc/include/asm/Makefile
config.status:1337: creating lib/cobalt/arch/powerpc/include/asm/xenomai/Makefile
config.status:1337: creating lib/cobalt/arch/blackfin/Makefile
config.status:1337: creating lib/cobalt/arch/blackfin/include/Makefile
config.status:1337: creating lib/cobalt/arch/blackfin/include/asm/Makefile
config.status:1337: creating lib/cobalt/arch/blackfin/include/asm/xenomai/Makefile
config.status:1337: creating lib/cobalt/arch/x86/Makefile
config.status:1337: creating lib/cobalt/arch/x86/include/Makefile
config.status:1337: creating lib/cobalt/arch/x86/include/asm/Makefile
config.status:1337: creating lib/cobalt/arch/x86/include/asm/xenomai/Makefile
config.status:1337: creating lib/mercury/Makefile
config.status:1337: creating lib/copperplate/Makefile
config.status:1337: creating lib/copperplate/regd/Makefile
config.status:1337: creating lib/alchemy/Makefile
config.status:1337: creating lib/vxworks/Makefile
config.status:1337: creating lib/psos/Makefile
config.status:1337: creating lib/analogy/Makefile
config.status:1337: creating lib/smokey/Makefile
config.status:1337: creating lib/trank/Makefile
config.status:1337: creating testsuite/Makefile
config.status:1337: creating testsuite/latency/Makefile
config.status:1337: creating testsuite/switchtest/Makefile
config.status:1337: creating testsuite/gpiotest/Makefile
config.status:1337: creating testsuite/spitest/Makefile
config.status:1337: creating testsuite/smokey/Makefile
config.status:1337: creating testsuite/smokey/arith/Makefile
config.status:1337: creating testsuite/smokey/sched-quota/Makefile
config.status:1337: creating testsuite/smokey/sched-tp/Makefile
config.status:1337: creating testsuite/smokey/setsched/Makefile
config.status:1337: creating testsuite/smokey/rtdm/Makefile
config.status:1337: creating testsuite/smokey/vdso-access/Makefile
config.status:1337: creating testsuite/smokey/posix-cond/Makefile
config.status:1337: creating testsuite/smokey/posix-mutex/Makefile
config.status:1337: creating testsuite/smokey/posix-clock/Makefile
config.status:1337: creating testsuite/smokey/posix-fork/Makefile
config.status:1337: creating testsuite/smokey/posix-select/Makefile
config.status:1337: creating testsuite/smokey/xddp/Makefile
config.status:1337: creating testsuite/smokey/iddp/Makefile
config.status:1337: creating testsuite/smokey/bufp/Makefile
config.status:1337: creating testsuite/smokey/sigdebug/Makefile
config.status:1337: creating testsuite/smokey/timerfd/Makefile
config.status:1337: creating testsuite/smokey/tsc/Makefile
config.status:1337: creating testsuite/smokey/leaks/Makefile
config.status:1337: creating testsuite/smokey/net_udp/Makefile
config.status:1337: creating testsuite/smokey/net_packet_dgram/Makefile
config.status:1337: creating testsuite/smokey/net_packet_raw/Makefile
config.status:1337: creating testsuite/smokey/net_common/Makefile
config.status:1337: creating testsuite/smokey/cpu-affinity/Makefile
config.status:1337: creating testsuite/clocktest/Makefile
config.status:1337: creating testsuite/xeno-test/Makefile
config.status:1337: creating utils/Makefile
config.status:1337: creating utils/hdb/Makefile
config.status:1337: creating utils/can/Makefile
config.status:1337: creating utils/analogy/Makefile
config.status:1337: creating utils/ps/Makefile
config.status:1337: creating utils/slackspot/Makefile
config.status:1337: creating utils/corectl/Makefile
config.status:1337: creating utils/autotune/Makefile
config.status:1337: creating utils/net/rtnet
config.status:1337: creating utils/net/rtnet.conf
config.status:1337: creating utils/net/Makefile
config.status:1337: creating demo/Makefile
config.status:1337: creating demo/posix/Makefile
config.status:1337: creating demo/posix/cyclictest/Makefile
config.status:1337: creating demo/posix/cobalt/Makefile
config.status:1337: creating demo/alchemy/Makefile
config.status:1337: creating demo/alchemy/cobalt/Makefile
config.status:1337: creating include/Makefile
config.status:1337: creating include/cobalt/uapi/Makefile
config.status:1337: creating include/cobalt/uapi/asm-generic/Makefile
config.status:1337: creating include/cobalt/uapi/kernel/Makefile
config.status:1337: creating include/cobalt/Makefile
config.status:1337: creating include/cobalt/sys/Makefile
config.status:1337: creating include/cobalt/kernel/Makefile
config.status:1337: creating include/cobalt/kernel/rtdm/Makefile
config.status:1337: creating include/cobalt/kernel/rtdm/analogy/Makefile
config.status:1337: creating include/cobalt/boilerplate/Makefile
config.status:1337: creating include/rtdm/Makefile
config.status:1337: creating include/rtdm/uapi/Makefile
config.status:1337: creating include/mercury/Makefile
config.status:1337: creating include/mercury/boilerplate/Makefile
config.status:1337: creating include/boilerplate/Makefile
config.status:1337: creating include/copperplate/Makefile
config.status:1337: creating include/alchemy/Makefile
config.status:1337: creating include/vxworks/Makefile
config.status:1337: creating include/psos/Makefile
config.status:1337: creating include/smokey/Makefile
config.status:1337: creating include/trank/Makefile
config.status:1337: creating include/trank/posix/Makefile
config.status:1337: creating include/trank/native/Makefile
config.status:1337: creating include/trank/rtdm/Makefile
config.status:1337: creating include/xenomai/Makefile
config.status:1337: creating doc/Makefile
config.status:1337: creating doc/doxygen/Makefile
config.status:1337: creating doc/doxygen/xeno3prm-common.conf
config.status:1337: creating doc/doxygen/xeno3prm-html.conf
config.status:1337: creating doc/doxygen/xeno3prm-latex.conf
config.status:1337: creating doc/gitdoc/Makefile
config.status:1337: creating doc/asciidoc/Makefile
config.status:1337: creating include/xeno_config.h
config.status:1566: executing depfiles commands
config.status:1566: executing libtool commands

## ---------------- ##
## Cache variables. ##
## ---------------- ##

ac_cv_atomic_builtins=yes
ac_cv_build=x86_64-unknown-linux-gnu
ac_cv_build_prog_CPP='gcc -E'
ac_cv_build_prog_cc_g=yes
ac_cv_c_compiler_gnu=yes
ac_cv_env_CCASFLAGS_set=
ac_cv_env_CCASFLAGS_value=
ac_cv_env_CCAS_set=
ac_cv_env_CCAS_value=
ac_cv_env_CC_set=
ac_cv_env_CC_value=
ac_cv_env_CFLAGS_set=
ac_cv_env_CFLAGS_value=
ac_cv_env_CPPFLAGS_set=
ac_cv_env_CPPFLAGS_value=
ac_cv_env_CPP_set=
ac_cv_env_CPP_value=
ac_cv_env_FUSE_CFLAGS_set=
ac_cv_env_FUSE_CFLAGS_value=
ac_cv_env_FUSE_LIBS_set=
ac_cv_env_FUSE_LIBS_value=
ac_cv_env_LDFLAGS_set=
ac_cv_env_LDFLAGS_value=
ac_cv_env_LIBS_set=
ac_cv_env_LIBS_value=
ac_cv_env_LT_SYS_LIBRARY_PATH_set=
ac_cv_env_LT_SYS_LIBRARY_PATH_value=
ac_cv_env_PKG_CONFIG_LIBDIR_set=
ac_cv_env_PKG_CONFIG_LIBDIR_value=
ac_cv_env_PKG_CONFIG_PATH_set=
ac_cv_env_PKG_CONFIG_PATH_value=
ac_cv_env_PKG_CONFIG_set=
ac_cv_env_PKG_CONFIG_value=
ac_cv_env_build_alias_set=
ac_cv_env_build_alias_value=
ac_cv_env_host_alias_set=
ac_cv_env_host_alias_value=
ac_cv_env_target_alias_set=
ac_cv_env_target_alias_value=
ac_cv_func___vfprintf_chk=yes
ac_cv_func_backtrace=yes
ac_cv_func_clock_nanosleep=yes
ac_cv_func_fork=yes
ac_cv_func_pthread_atfork=yes
ac_cv_func_pthread_attr_setaffinity_np=yes
ac_cv_func_pthread_condattr_getclock=yes
ac_cv_func_pthread_condattr_setclock=yes
ac_cv_func_pthread_getattr_np=yes
ac_cv_func_pthread_mutexattr_getprotocol=yes
ac_cv_func_pthread_mutexattr_setprotocol=yes
ac_cv_func_pthread_mutexattr_setrobust_np=yes
ac_cv_func_pthread_setaffinity_np=yes
ac_cv_func_pthread_setname_np=yes
ac_cv_func_pthread_spin_lock=yes
ac_cv_func_sched_getcpu=yes
ac_cv_func_shm_open=yes
ac_cv_func_shm_unlink=yes
ac_cv_have_decl_PTHREAD_ERRORCHECK_MUTEX_INITIALIZER_NP=yes
ac_cv_have_decl_PTHREAD_PRIO_NONE=yes
ac_cv_have_decl_PTHREAD_RECURSIVE_MUTEX_INITIALIZER_NP=yes
ac_cv_header_dlfcn_h=yes
ac_cv_header_inttypes_h=yes
ac_cv_header_memory_h=yes
ac_cv_header_mqueue_h=yes
ac_cv_header_obstack_h=yes
ac_cv_header_stdc=yes
ac_cv_header_stdint_h=yes
ac_cv_header_stdlib_h=yes
ac_cv_header_string_h=yes
ac_cv_header_strings_h=yes
ac_cv_header_sys_stat_h=yes
ac_cv_header_sys_types_h=yes
ac_cv_header_unistd_h=yes
ac_cv_header_valgrind_valgrind_h=no
ac_cv_host=x86_64-unknown-linux-gnu
ac_cv_ld_file_option=yes
ac_cv_objext=o
ac_cv_path_EGREP='/bin/grep -E'
ac_cv_path_FGREP='/bin/grep -F'
ac_cv_path_GREP=/bin/grep
ac_cv_path_SED=/bin/sed
ac_cv_path_install='/usr/bin/install -c'
ac_cv_path_lt_DD=/bin/dd
ac_cv_path_mkdir=/bin/mkdir
ac_cv_prog_AWK=mawk
ac_cv_prog_CPP='gcc -E'
ac_cv_prog_DOXYGEN_HAVE_DOT=NO
ac_cv_prog_ac_ct_AR=ar
ac_cv_prog_ac_ct_CC=gcc
ac_cv_prog_ac_ct_CC_FOR_BUILD=gcc
ac_cv_prog_ac_ct_MANIFEST_TOOL=mt
ac_cv_prog_ac_ct_OBJDUMP=objdump
ac_cv_prog_ac_ct_RANLIB=ranlib
ac_cv_prog_ac_ct_STRIP=strip
ac_cv_prog_cc_c89=
ac_cv_prog_cc_g=yes
ac_cv_prog_make_make_set=yes
ac_cv_target=x86_64-unknown-linux-gnu
am_cv_CCAS_dependencies_compiler_type=gcc3
am_cv_CC_dependencies_compiler_type=gcc3
am_cv_make_support_nested_variables=yes
am_cv_prog_cc_c_o=yes
am_cv_prog_tar_ustar=gnutar
lt_cv_ar_at_file=@
lt_cv_archive_cmds_need_lc=no
lt_cv_deplibs_check_method=pass_all
lt_cv_file_magic_cmd='$MAGIC_CMD'
lt_cv_file_magic_test_file=
lt_cv_ld_reload_flag=-r
lt_cv_nm_interface='BSD nm'
lt_cv_objdir=.libs
lt_cv_path_LD=/usr/bin/ld
lt_cv_path_NM='/usr/bin/nm -B'
lt_cv_path_mainfest_tool=no
lt_cv_prog_compiler_c_o=yes
lt_cv_prog_compiler_pic='-fPIC -DPIC'
lt_cv_prog_compiler_pic_works=yes
lt_cv_prog_compiler_rtti_exceptions=no
lt_cv_prog_compiler_static_works=yes
lt_cv_prog_gnu_ld=yes
lt_cv_sharedlib_from_linklib_cmd='printf %s\n'
lt_cv_shlibpath_overrides_runpath=no
lt_cv_sys_global_symbol_pipe='sed -n -e '\''s/^.*[	 ]\([ABCDGIRSTW][ABCDGIRSTW]*\)[	 ][	 ]*\([_A-Za-z][_A-Za-z0-9]*\)$/\1 \2 \2/p'\'' | sed '\''/ __gnu_lto/d'\'''
lt_cv_sys_global_symbol_to_c_name_address='sed -n -e '\''s/^: \(.*\) .*$/  {"\1", (void *) 0},/p'\'' -e '\''s/^[ABCDGIRSTW][ABCDGIRSTW]* .* \(.*\)$/  {"\1", (void *) \&\1},/p'\'''
lt_cv_sys_global_symbol_to_c_name_address_lib_prefix='sed -n -e '\''s/^: \(.*\) .*$/  {"\1", (void *) 0},/p'\'' -e '\''s/^[ABCDGIRSTW][ABCDGIRSTW]* .* \(lib.*\)$/  {"\1", (void *) \&\1},/p'\'' -e '\''s/^[ABCDGIRSTW][ABCDGIRSTW]* .* \(.*\)$/  {"lib\1", (void *) \&\1},/p'\'''
lt_cv_sys_global_symbol_to_cdecl='sed -n -e '\''s/^T .* \(.*\)$/extern int \1();/p'\'' -e '\''s/^[ABCDGIRSTW][ABCDGIRSTW]* .* \(.*\)$/extern char \1;/p'\'''
lt_cv_sys_global_symbol_to_import=
lt_cv_sys_max_cmd_len=1572864
lt_cv_sys_symbol_underscore=no
lt_cv_to_host_file_cmd=func_convert_file_noop
lt_cv_to_tool_file_cmd=func_convert_file_noop
lt_cv_truncate_bin='/bin/dd bs=4096 count=1'

## ----------------- ##
## Output variables. ##
## ----------------- ##

A2X=''
ACLOCAL='${SHELL} /home/unitree/xenomai3.0.5_linux4.9.38_1000hz/xenomai-3.0.5/config/missing aclocal-1.15'
AMDEPBACKSLASH='\'
AMDEP_FALSE='#'
AMDEP_TRUE=''
AMTAR='$${TAR-tar}'
AM_BACKSLASH='\'
AM_DEFAULT_V='$(AM_DEFAULT_VERBOSITY)'
AM_DEFAULT_VERBOSITY='0'
AM_V='$(V)'
AR='ar'
ASCIIDOC=''
ASCIIDODC=''
AUTOCONF='${SHELL} /home/unitree/xenomai3.0.5_linux4.9.38_1000hz/xenomai-3.0.5/config/missing autoconf'
AUTOHEADER='${SHELL} /home/unitree/xenomai3.0.5_linux4.9.38_1000hz/xenomai-3.0.5/config/missing autoheader'
AUTOMAKE='${SHELL} /home/unitree/xenomai3.0.5_linux4.9.38_1000hz/xenomai-3.0.5/config/missing automake-1.15'
AWK='mawk'
BUILD_EXEEXT=''
BUILD_OBJEXT=''
CC='gcc'
CCAS='gcc'
CCASDEPMODE='depmode=gcc3'
CCASFLAGS=''
CCDEPMODE='depmode=gcc3'
CC_FOR_BUILD='gcc'
CFLAGS=''
CFLAGS_FOR_BUILD='-g -O2'
CHECKFLAGS='-nostdinc -isystem $(SYSROOT)/usr/include -Wbitwise -Wno-transparent-union -D_GNU_SOURCE -D_XOPEN_SOURCE=500 -D_REENTRANT $(DEFS) $(DEFAULT_INCLUDES) $(INCLUDES) $(AM_CPPFLAGS) $(CPPFLAGS) -I$(top_srcdir)/include -isystem $(shell $(CC) -print-file-name=include) -include $(top_builddir)/include/xeno_config.h $(shell $(CC) -dM -E -xc /dev/null|sed -e '\''s/^\#define /-D/'\'' -e "s/ /=\'\''/" -e "s/$$/\'\''/")'
CONFIG_STATUS_DEPENDENCIES='/home/unitree/xenomai3.0.5_linux4.9.38_1000hz/xenomai-3.0.5/lib/cobalt/modechk.wrappers /home/unitree/xenomai3.0.5_linux4.9.38_1000hz/xenomai-3.0.5/lib/cobalt/cobalt.wrappers'
CONFIG_XENO_SHARED_FALSE='#'
CONFIG_XENO_SHARED_TRUE=''
CPP='gcc -E'
CPPFLAGS=''
CPPFLAGS_FOR_BUILD=''
CPP_FOR_BUILD='gcc -E'
CYGPATH_W='echo'
DEFS='-DHAVE_CONFIG_H'
DEPDIR='.deps'
DLLTOOL='false'
DOXYGEN=''
DOXYGEN_HAVE_DOT='NO'
DOXYGEN_SHOW_INCLUDE_FILES='YES'
DSYMUTIL=''
DUMPBIN=''
ECHO_C=''
ECHO_N='-n'
ECHO_T=''
EGREP='/bin/grep -E'
EXEEXT=''
FGREP='/bin/grep -F'
FUSE_CFLAGS=''
FUSE_LIBS=''
GREP='/bin/grep'
INSTALL_DATA='${INSTALL} -m 644'
INSTALL_PROGRAM='${INSTALL}'
INSTALL_SCRIPT='${INSTALL}'
INSTALL_STRIP_PROGRAM='$(install_sh) -c -s'
LATEX_BATCHMODE='YES'
LATEX_MODE='batch'
LD='/usr/bin/ld -m elf_x86_64'
LDFLAGS=''
LD_FILE_OPTION='yes'
LEX='${SHELL} /home/unitree/xenomai3.0.5_linux4.9.38_1000hz/xenomai-3.0.5/config/missing flex'
LEXLIB=''
LEX_OUTPUT_ROOT=''
LIBOBJS=''
LIBS=''
LIBTOOL='$(SHELL) $(top_builddir)/libtool'
LIPO=''
LN_S='ln -s'
LTLIBOBJS=''
LT_SYS_LIBRARY_PATH=''
MAINT='#'
MAINTAINER_MODE_FALSE=''
MAINTAINER_MODE_TRUE='#'
MAKEINFO='${SHELL} /home/unitree/xenomai3.0.5_linux4.9.38_1000hz/xenomai-3.0.5/config/missing makeinfo'
MANIFEST_TOOL=':'
MKDIR_P='/bin/mkdir -p'
NM='/usr/bin/nm -B'
NMEDIT=''
OBJDUMP='objdump'
OBJEXT='o'
OTOOL64=''
OTOOL=''
PACKAGE='xenomai'
PACKAGE_BUGREPORT='xenomai@xenomai.org'
PACKAGE_NAME='Xenomai'
PACKAGE_STRING='Xenomai 3.0.5'
PACKAGE_TARNAME='xenomai'
PACKAGE_URL=''
PACKAGE_VERSION='3.0.5'
PATH_SEPARATOR=':'
PKG_CONFIG=''
PKG_CONFIG_LIBDIR=''
PKG_CONFIG_PATH=''
RANLIB='ranlib'
SED='/bin/sed'
SET_MAKE=''
SHELL='/bin/bash'
STRIP='strip'
VERSION='3.0.5'
W3M=''
XENO_AUTOINIT_LDFLAGS='$(top_builddir)/lib/boilerplate/init/bootstrap-internal.o -Wl,--wrap=main -Wl,--dynamic-list=/home/unitree/xenomai3.0.5_linux4.9.38_1000hz/xenomai-3.0.5/scripts/dynlist.ld'
XENO_BUILD_ARGS=' '\''--with-pic'\'' '\''--with-core=cobalt'\'' '\''--enable-smp'\'' '\''--disable-tls'\'' '\''--enable-dlopen-libs'\'' '\''--disable-clock-monotonic-raw'\'''
XENO_BUILD_COMPILER='gcc version 5.4.0 20160609 (Ubuntu 5.4.0-6ubuntu1~16.04.10) '
XENO_BUILD_DOC_FALSE=''
XENO_BUILD_DOC_TRUE='#'
XENO_BUILD_STRING='x86_64-unknown-linux-gnu'
XENO_COBALT_CFLAGS='-I/home/unitree/xenomai3.0.5_linux4.9.38_1000hz/xenomai-3.0.5/lib/cobalt/arch/x86/include -I/home/unitree/xenomai3.0.5_linux4.9.38_1000hz/xenomai-3.0.5/kernel/cobalt/arch/x86/include -DNDEBUG -O2 -D_GNU_SOURCE -D_REENTRANT -pipe -fstrict-aliasing -Wall -Wstrict-prototypes -Wmissing-prototypes -Wno-long-long -Wno-unused-parameter -Werror -D__XENO__ -D__IN_XENO__ -I/home/unitree/xenomai3.0.5_linux4.9.38_1000hz/xenomai-3.0.5/include/cobalt'
XENO_COBALT_FALSE='#'
XENO_COBALT_TRUE=''
XENO_CORE_LDADD='$(top_builddir)/lib/cobalt/libcobalt.la $(top_builddir)/lib/cobalt/libmodechk.la'
XENO_DEBUG_FALSE=''
XENO_DEBUG_FULL_FALSE=''
XENO_DEBUG_FULL_TRUE='#'
XENO_DEBUG_TRUE='#'
XENO_DEMO_DIR='${exec_prefix}/demo'
XENO_DOC_GIT=''
XENO_FUSE_CFLAGS=''
XENO_HOST_STRING='x86_64-unknown-linux-gnu'
XENO_INSTALL_DOC_FALSE='#'
XENO_INSTALL_DOC_TRUE=''
XENO_LIB_LDFLAGS=''
XENO_MERCURY_FALSE=''
XENO_MERCURY_TRUE='#'
XENO_POSIX_WRAPPERS='-Wl,@/home/unitree/xenomai3.0.5_linux4.9.38_1000hz/xenomai-3.0.5/lib/cobalt/modechk.wrappers -Wl,@/home/unitree/xenomai3.0.5_linux4.9.38_1000hz/xenomai-3.0.5/lib/cobalt/cobalt.wrappers'
XENO_PRIVATE_OBSTACK_FALSE=''
XENO_PRIVATE_OBSTACK_TRUE='#'
XENO_PSHARED_FALSE=''
XENO_PSHARED_TRUE='#'
XENO_REGISTRY_FALSE=''
XENO_REGISTRY_TRUE='#'
XENO_RUN_DOC_FALSE='#'
XENO_RUN_DOC_TRUE=''
XENO_SYMBOL_PREFIX=''
XENO_TARGET_ARCH='x86'
XENO_TARGET_CORE='cobalt'
XENO_TEST_DIR='${exec_prefix}/bin'
XENO_TLSF_FALSE='#'
XENO_TLSF_TRUE=''
XENO_USER_APP_CFLAGS=' -D_GNU_SOURCE -D_REENTRANT'
XENO_USER_APP_LDFLAGS='  '
XENO_USER_CFLAGS='-I/home/unitree/xenomai3.0.5_linux4.9.38_1000hz/xenomai-3.0.5/lib/cobalt/arch/x86/include -I/home/unitree/xenomai3.0.5_linux4.9.38_1000hz/xenomai-3.0.5/kernel/cobalt/arch/x86/include -DNDEBUG -O2 -D_GNU_SOURCE -D_REENTRANT -pipe -fstrict-aliasing -Wall -Wstrict-prototypes -Wmissing-prototypes -Wno-long-long -Wno-unused-parameter -Werror -D__XENO__ -D__IN_XENO__ -I/home/unitree/xenomai3.0.5_linux4.9.38_1000hz/xenomai-3.0.5/include/cobalt'
XENO_USER_CFLAGS_STDLIB='-DNDEBUG -O2 -D_GNU_SOURCE -D_REENTRANT -pipe -fstrict-aliasing -Wall -Wstrict-prototypes -Wmissing-prototypes -Wno-long-long -Wno-unused-parameter -Werror -D__XENO__ -D__IN_XENO__'
XENO_USER_LDADD=''
ac_ct_AR='ar'
ac_ct_CC='gcc'
ac_ct_CC_FOR_BUILD='gcc'
ac_ct_DUMPBIN=''
am__EXEEXT_FALSE=''
am__EXEEXT_TRUE='#'
am__fastdepCCAS_FALSE='#'
am__fastdepCCAS_TRUE=''
am__fastdepCC_FALSE='#'
am__fastdepCC_TRUE=''
am__include='include'
am__isrc=''
am__leading_dot='.'
am__nodep='_no'
am__quote=''
am__tar='tar --format=ustar -chf - "$$tardir"'
am__untar='tar -xf -'
bindir='${exec_prefix}/bin'
build='x86_64-unknown-linux-gnu'
build_alias=''
build_cpu='x86_64'
build_os='linux-gnu'
build_vendor='unknown'
datadir='${datarootdir}'
datarootdir='${prefix}/share'
docdir='${datarootdir}/doc/${PACKAGE_TARNAME}'
dvidir='${docdir}'
exec_prefix='${prefix}'
host='x86_64-unknown-linux-gnu'
host_alias=''
host_cpu='x86_64'
host_os='linux-gnu'
host_vendor='unknown'
htmldir='${docdir}/html'
includedir='${prefix}/include'
infodir='${datarootdir}/info'
install_sh='${SHELL} /home/unitree/xenomai3.0.5_linux4.9.38_1000hz/xenomai-3.0.5/config/install-sh'
libdir='${exec_prefix}/lib'
libexecdir='${exec_prefix}/libexec'
localedir='${datarootdir}/locale'
localstatedir='${prefix}/var'
mandir='${datarootdir}/man'
mkdir_p='$(MKDIR_P)'
oldincludedir='/usr/include'
pdfdir='${docdir}/pdf'
prefix='/usr/xenomai'
program_transform_name='s,x,x,'
psdir='${docdir}'
sbindir='${exec_prefix}/sbin'
sharedstatedir='${prefix}/com'
sys_symbol_underscore='no'
sysconfdir='${prefix}/etc'
target='x86_64-unknown-linux-gnu'
target_alias=''
target_cpu='x86_64'
target_os='linux-gnu'
target_vendor='unknown'

## ----------- ##
## confdefs.h. ##
## ----------- ##

/* confdefs.h */
#define PACKAGE_NAME "Xenomai"
#define PACKAGE_TARNAME "xenomai"
#define PACKAGE_VERSION "3.0.5"
#define PACKAGE_STRING "Xenomai 3.0.5"
#define PACKAGE_BUGREPORT "xenomai@xenomai.org"
#define PACKAGE_URL ""
#define CONFIG_XENO_COBALT 1
#define CONFIG_XENO_BUILD_STRING "x86_64-unknown-linux-gnu"
#define CONFIG_XENO_HOST_STRING "x86_64-unknown-linux-gnu"
#define CONFIG_XENO_COMPILER "gcc version 5.4.0 20160609 (Ubuntu 5.4.0-6ubuntu1~16.04.10) "
#define PACKAGE "xenomai"
#define VERSION "3.0.5"
#define STDC_HEADERS 1
#define HAVE_SYS_TYPES_H 1
#define HAVE_SYS_STAT_H 1
#define HAVE_STDLIB_H 1
#define HAVE_STRING_H 1
#define HAVE_MEMORY_H 1
#define HAVE_STRINGS_H 1
#define HAVE_INTTYPES_H 1
#define HAVE_STDINT_H 1
#define HAVE_UNISTD_H 1
#define HAVE_DLFCN_H 1
#define LT_OBJDIR ".libs/"
#define CONFIG_XENO_LORES_CLOCK_DISABLED 1
#define CONFIG_XENO_SANITY 1
#define HAVE_OBSTACK_H 1
#define HAVE_MQUEUE_H 1
#define HAVE_PTHREAD_MUTEXATTR_SETPROTOCOL 1
#define HAVE_PTHREAD_MUTEXATTR_GETPROTOCOL 1
#define HAVE_PTHREAD_MUTEXATTR_SETROBUST_NP 1
#define HAVE_PTHREAD_CONDATTR_GETCLOCK 1
#define HAVE_PTHREAD_CONDATTR_SETCLOCK 1
#define HAVE_PTHREAD_SPIN_LOCK 1
#define HAVE_FORK 1
#define HAVE_PTHREAD_ATTR_SETAFFINITY_NP 1
#define HAVE_PTHREAD_SETAFFINITY_NP 1
#define HAVE_PTHREAD_GETATTR_NP 1
#define HAVE_PTHREAD_ATFORK 1
#define HAVE_PTHREAD_SETNAME_NP 1
#define HAVE_SCHED_GETCPU 1
#define HAVE_CLOCK_NANOSLEEP 1
#define HAVE_SHM_OPEN 1
#define HAVE_SHM_UNLINK 1
#define HAVE_BACKTRACE 1
#define HAVE_DECL_PTHREAD_PRIO_NONE 1
#define HAVE_DECL_PTHREAD_RECURSIVE_MUTEX_INITIALIZER_NP 1
#define HAVE_DECL_PTHREAD_ERRORCHECK_MUTEX_INITIALIZER_NP 1
#define CONFIG_XENO_VERSION_MAJOR 3
#define CONFIG_XENO_VERSION_MINOR 0
#define CONFIG_XENO_REVISION_LEVEL 5
#define CONFIG_XENO_UAPI_LEVEL 14
#define CONFIG_XENO_VERSION_STRING "3.0.5"
#define CONFIG_XENO_VERSION_NAME "Sisyphus's Boulder"
#define CONFIG_XENO_PREFIX "/usr/xenomai"
#define CONFIG_XENO_BUILD_ARGS " '--with-pic' '--with-core=cobalt' '--enable-smp' '--disable-tls' '--enable-dlopen-libs' '--disable-clock-monotonic-raw'"
#define CONFIG_XENO_X86_VSYSCALL 1
#define CONFIG_SMP 1
#define CONFIG_MMU 1
#define CONFIG_XENO_DEFAULT_PERIOD 100000
#define CONFIG_XENO_TLSF 1
#define CONFIG_XENO_FORTIFY 1
#define CONFIG_XENO_LIBS_DLOPEN 1
#define CONFIG_XENO_TLS_MODEL "global-dynamic"

configure: exit 0
