The system is: Linux - 4.9.38-xenomai-3.0.5 - x86_64
Compiling the C compiler identification source file "CMakeCCompilerId.c" succeeded.
Compiler: /usr/bin/cc 
Build flags: 
Id flags: 

The output was:
0


Compilation of the C compiler identification source "CMakeCCompilerId.c" produced "a.out"

The C compiler identification is GNU, found in "/home/unitree/lcm-1.4.0/build/CMakeFiles/3.5.1/CompilerIdC/a.out"

Compiling the CXX compiler identification source file "CMakeCXXCompilerId.cpp" succeeded.
Compiler: /usr/bin/c++ 
Build flags: 
Id flags: 

The output was:
0


Compilation of the CXX compiler identification source "CMakeCXXCompilerId.cpp" produced "a.out"

The CXX compiler identification is GNU, found in "/home/unitree/lcm-1.4.0/build/CMakeFiles/3.5.1/CompilerIdCXX/a.out"

Determining if the C compiler works passed with the following output:
Change Dir: /home/unitree/lcm-1.4.0/build/CMakeFiles/CMakeTmp

Run Build Command:"/usr/bin/make" "cmTC_048b8/fast"
/usr/bin/make -f CMakeFiles/cmTC_048b8.dir/build.make CMakeFiles/cmTC_048b8.dir/build
make[1]: Entering directory '/home/unitree/lcm-1.4.0/build/CMakeFiles/CMakeTmp'
Building C object CMakeFiles/cmTC_048b8.dir/testCCompiler.c.o
/usr/bin/cc     -o CMakeFiles/cmTC_048b8.dir/testCCompiler.c.o   -c /home/unitree/lcm-1.4.0/build/CMakeFiles/CMakeTmp/testCCompiler.c
Linking C executable cmTC_048b8
/usr/bin/cmake -E cmake_link_script CMakeFiles/cmTC_048b8.dir/link.txt --verbose=1
/usr/bin/cc       CMakeFiles/cmTC_048b8.dir/testCCompiler.c.o  -o cmTC_048b8 -rdynamic 
make[1]: Leaving directory '/home/unitree/lcm-1.4.0/build/CMakeFiles/CMakeTmp'


Detecting C compiler ABI info compiled with the following output:
Change Dir: /home/unitree/lcm-1.4.0/build/CMakeFiles/CMakeTmp

Run Build Command:"/usr/bin/make" "cmTC_2e39e/fast"
/usr/bin/make -f CMakeFiles/cmTC_2e39e.dir/build.make CMakeFiles/cmTC_2e39e.dir/build
make[1]: Entering directory '/home/unitree/lcm-1.4.0/build/CMakeFiles/CMakeTmp'
Building C object CMakeFiles/cmTC_2e39e.dir/CMakeCCompilerABI.c.o
/usr/bin/cc     -o CMakeFiles/cmTC_2e39e.dir/CMakeCCompilerABI.c.o   -c /usr/share/cmake-3.5/Modules/CMakeCCompilerABI.c
Linking C executable cmTC_2e39e
/usr/bin/cmake -E cmake_link_script CMakeFiles/cmTC_2e39e.dir/link.txt --verbose=1
/usr/bin/cc      -v CMakeFiles/cmTC_2e39e.dir/CMakeCCompilerABI.c.o  -o cmTC_2e39e -rdynamic  
Using built-in specs.
COLLECT_GCC=/usr/bin/cc
COLLECT_LTO_WRAPPER=/usr/lib/gcc/x86_64-linux-gnu/5/lto-wrapper
Target: x86_64-linux-gnu
Configured with: ../src/configure -v --with-pkgversion='Ubuntu 5.4.0-6ubuntu1~16.04.10' --with-bugurl=file:///usr/share/doc/gcc-5/README.Bugs --enable-languages=c,ada,c++,java,go,d,fortran,objc,obj-c++ --prefix=/usr --program-suffix=-5 --enable-shared --enable-linker-build-id --libexecdir=/usr/lib --without-included-gettext --enable-threads=posix --libdir=/usr/lib --enable-nls --with-sysroot=/ --enable-clocale=gnu --enable-libstdcxx-debug --enable-libstdcxx-time=yes --with-default-libstdcxx-abi=new --enable-gnu-unique-object --disable-vtable-verify --enable-libmpx --enable-plugin --with-system-zlib --disable-browser-plugin --enable-java-awt=gtk --enable-gtk-cairo --with-java-home=/usr/lib/jvm/java-1.5.0-gcj-5-amd64/jre --enable-java-home --with-jvm-root-dir=/usr/lib/jvm/java-1.5.0-gcj-5-amd64 --with-jvm-jar-dir=/usr/lib/jvm-exports/java-1.5.0-gcj-5-amd64 --with-arch-directory=amd64 --with-ecj-jar=/usr/share/java/eclipse-ecj.jar --enable-objc-gc --enable-multiarch --disable-werror --with-arch-32=i686 --with-abi=m64 --with-multilib-list=m32,m64,mx32 --enable-multilib --with-tune=generic --enable-checking=release --build=x86_64-linux-gnu --host=x86_64-linux-gnu --target=x86_64-linux-gnu
Thread model: posix
gcc version 5.4.0 20160609 (Ubuntu 5.4.0-6ubuntu1~16.04.10) 
COMPILER_PATH=/usr/lib/gcc/x86_64-linux-gnu/5/:/usr/lib/gcc/x86_64-linux-gnu/5/:/usr/lib/gcc/x86_64-linux-gnu/:/usr/lib/gcc/x86_64-linux-gnu/5/:/usr/lib/gcc/x86_64-linux-gnu/
LIBRARY_PATH=/usr/lib/gcc/x86_64-linux-gnu/5/:/usr/lib/gcc/x86_64-linux-gnu/5/../../../x86_64-linux-gnu/:/usr/lib/gcc/x86_64-linux-gnu/5/../../../../lib/:/lib/x86_64-linux-gnu/:/lib/../lib/:/usr/lib/x86_64-linux-gnu/:/usr/lib/../lib/:/usr/lib/gcc/x86_64-linux-gnu/5/../../../:/lib/:/usr/lib/
COLLECT_GCC_OPTIONS='-v' '-o' 'cmTC_2e39e' '-rdynamic' '-mtune=generic' '-march=x86-64'
 /usr/lib/gcc/x86_64-linux-gnu/5/collect2 -plugin /usr/lib/gcc/x86_64-linux-gnu/5/liblto_plugin.so -plugin-opt=/usr/lib/gcc/x86_64-linux-gnu/5/lto-wrapper -plugin-opt=-fresolution=/tmp/cc1I8G4Q.res -plugin-opt=-pass-through=-lgcc -plugin-opt=-pass-through=-lgcc_s -plugin-opt=-pass-through=-lc -plugin-opt=-pass-through=-lgcc -plugin-opt=-pass-through=-lgcc_s --sysroot=/ --build-id --eh-frame-hdr -m elf_x86_64 --hash-style=gnu --as-needed -export-dynamic -dynamic-linker /lib64/ld-linux-x86-64.so.2 -z relro -o cmTC_2e39e /usr/lib/gcc/x86_64-linux-gnu/5/../../../x86_64-linux-gnu/crt1.o /usr/lib/gcc/x86_64-linux-gnu/5/../../../x86_64-linux-gnu/crti.o /usr/lib/gcc/x86_64-linux-gnu/5/crtbegin.o -L/usr/lib/gcc/x86_64-linux-gnu/5 -L/usr/lib/gcc/x86_64-linux-gnu/5/../../../x86_64-linux-gnu -L/usr/lib/gcc/x86_64-linux-gnu/5/../../../../lib -L/lib/x86_64-linux-gnu -L/lib/../lib -L/usr/lib/x86_64-linux-gnu -L/usr/lib/../lib -L/usr/lib/gcc/x86_64-linux-gnu/5/../../.. CMakeFiles/cmTC_2e39e.dir/CMakeCCompilerABI.c.o -lgcc --as-needed -lgcc_s --no-as-needed -lc -lgcc --as-needed -lgcc_s --no-as-needed /usr/lib/gcc/x86_64-linux-gnu/5/crtend.o /usr/lib/gcc/x86_64-linux-gnu/5/../../../x86_64-linux-gnu/crtn.o
make[1]: Leaving directory '/home/unitree/lcm-1.4.0/build/CMakeFiles/CMakeTmp'


Parsed C implicit link information from above output:
  link line regex: [^( *|.*[/\])(ld|([^/\]+-)?ld|collect2)[^/\]*( |$)]
  ignore line: [Change Dir: /home/unitree/lcm-1.4.0/build/CMakeFiles/CMakeTmp]
  ignore line: []
  ignore line: [Run Build Command:"/usr/bin/make" "cmTC_2e39e/fast"]
  ignore line: [/usr/bin/make -f CMakeFiles/cmTC_2e39e.dir/build.make CMakeFiles/cmTC_2e39e.dir/build]
  ignore line: [make[1]: Entering directory '/home/unitree/lcm-1.4.0/build/CMakeFiles/CMakeTmp']
  ignore line: [Building C object CMakeFiles/cmTC_2e39e.dir/CMakeCCompilerABI.c.o]
  ignore line: [/usr/bin/cc     -o CMakeFiles/cmTC_2e39e.dir/CMakeCCompilerABI.c.o   -c /usr/share/cmake-3.5/Modules/CMakeCCompilerABI.c]
  ignore line: [Linking C executable cmTC_2e39e]
  ignore line: [/usr/bin/cmake -E cmake_link_script CMakeFiles/cmTC_2e39e.dir/link.txt --verbose=1]
  ignore line: [/usr/bin/cc      -v CMakeFiles/cmTC_2e39e.dir/CMakeCCompilerABI.c.o  -o cmTC_2e39e -rdynamic  ]
  ignore line: [Using built-in specs.]
  ignore line: [COLLECT_GCC=/usr/bin/cc]
  ignore line: [COLLECT_LTO_WRAPPER=/usr/lib/gcc/x86_64-linux-gnu/5/lto-wrapper]
  ignore line: [Target: x86_64-linux-gnu]
  ignore line: [Configured with: ../src/configure -v --with-pkgversion='Ubuntu 5.4.0-6ubuntu1~16.04.10' --with-bugurl=file:///usr/share/doc/gcc-5/README.Bugs --enable-languages=c,ada,c++,java,go,d,fortran,objc,obj-c++ --prefix=/usr --program-suffix=-5 --enable-shared --enable-linker-build-id --libexecdir=/usr/lib --without-included-gettext --enable-threads=posix --libdir=/usr/lib --enable-nls --with-sysroot=/ --enable-clocale=gnu --enable-libstdcxx-debug --enable-libstdcxx-time=yes --with-default-libstdcxx-abi=new --enable-gnu-unique-object --disable-vtable-verify --enable-libmpx --enable-plugin --with-system-zlib --disable-browser-plugin --enable-java-awt=gtk --enable-gtk-cairo --with-java-home=/usr/lib/jvm/java-1.5.0-gcj-5-amd64/jre --enable-java-home --with-jvm-root-dir=/usr/lib/jvm/java-1.5.0-gcj-5-amd64 --with-jvm-jar-dir=/usr/lib/jvm-exports/java-1.5.0-gcj-5-amd64 --with-arch-directory=amd64 --with-ecj-jar=/usr/share/java/eclipse-ecj.jar --enable-objc-gc --enable-multiarch --disable-werror --with-arch-32=i686 --with-abi=m64 --with-multilib-list=m32,m64,mx32 --enable-multilib --with-tune=generic --enable-checking=release --build=x86_64-linux-gnu --host=x86_64-linux-gnu --target=x86_64-linux-gnu]
  ignore line: [Thread model: posix]
  ignore line: [gcc version 5.4.0 20160609 (Ubuntu 5.4.0-6ubuntu1~16.04.10) ]
  ignore line: [COMPILER_PATH=/usr/lib/gcc/x86_64-linux-gnu/5/:/usr/lib/gcc/x86_64-linux-gnu/5/:/usr/lib/gcc/x86_64-linux-gnu/:/usr/lib/gcc/x86_64-linux-gnu/5/:/usr/lib/gcc/x86_64-linux-gnu/]
  ignore line: [LIBRARY_PATH=/usr/lib/gcc/x86_64-linux-gnu/5/:/usr/lib/gcc/x86_64-linux-gnu/5/../../../x86_64-linux-gnu/:/usr/lib/gcc/x86_64-linux-gnu/5/../../../../lib/:/lib/x86_64-linux-gnu/:/lib/../lib/:/usr/lib/x86_64-linux-gnu/:/usr/lib/../lib/:/usr/lib/gcc/x86_64-linux-gnu/5/../../../:/lib/:/usr/lib/]
  ignore line: [COLLECT_GCC_OPTIONS='-v' '-o' 'cmTC_2e39e' '-rdynamic' '-mtune=generic' '-march=x86-64']
  link line: [ /usr/lib/gcc/x86_64-linux-gnu/5/collect2 -plugin /usr/lib/gcc/x86_64-linux-gnu/5/liblto_plugin.so -plugin-opt=/usr/lib/gcc/x86_64-linux-gnu/5/lto-wrapper -plugin-opt=-fresolution=/tmp/cc1I8G4Q.res -plugin-opt=-pass-through=-lgcc -plugin-opt=-pass-through=-lgcc_s -plugin-opt=-pass-through=-lc -plugin-opt=-pass-through=-lgcc -plugin-opt=-pass-through=-lgcc_s --sysroot=/ --build-id --eh-frame-hdr -m elf_x86_64 --hash-style=gnu --as-needed -export-dynamic -dynamic-linker /lib64/ld-linux-x86-64.so.2 -z relro -o cmTC_2e39e /usr/lib/gcc/x86_64-linux-gnu/5/../../../x86_64-linux-gnu/crt1.o /usr/lib/gcc/x86_64-linux-gnu/5/../../../x86_64-linux-gnu/crti.o /usr/lib/gcc/x86_64-linux-gnu/5/crtbegin.o -L/usr/lib/gcc/x86_64-linux-gnu/5 -L/usr/lib/gcc/x86_64-linux-gnu/5/../../../x86_64-linux-gnu -L/usr/lib/gcc/x86_64-linux-gnu/5/../../../../lib -L/lib/x86_64-linux-gnu -L/lib/../lib -L/usr/lib/x86_64-linux-gnu -L/usr/lib/../lib -L/usr/lib/gcc/x86_64-linux-gnu/5/../../.. CMakeFiles/cmTC_2e39e.dir/CMakeCCompilerABI.c.o -lgcc --as-needed -lgcc_s --no-as-needed -lc -lgcc --as-needed -lgcc_s --no-as-needed /usr/lib/gcc/x86_64-linux-gnu/5/crtend.o /usr/lib/gcc/x86_64-linux-gnu/5/../../../x86_64-linux-gnu/crtn.o]
    arg [/usr/lib/gcc/x86_64-linux-gnu/5/collect2] ==> ignore
    arg [-plugin] ==> ignore
    arg [/usr/lib/gcc/x86_64-linux-gnu/5/liblto_plugin.so] ==> ignore
    arg [-plugin-opt=/usr/lib/gcc/x86_64-linux-gnu/5/lto-wrapper] ==> ignore
    arg [-plugin-opt=-fresolution=/tmp/cc1I8G4Q.res] ==> ignore
    arg [-plugin-opt=-pass-through=-lgcc] ==> ignore
    arg [-plugin-opt=-pass-through=-lgcc_s] ==> ignore
    arg [-plugin-opt=-pass-through=-lc] ==> ignore
    arg [-plugin-opt=-pass-through=-lgcc] ==> ignore
    arg [-plugin-opt=-pass-through=-lgcc_s] ==> ignore
    arg [--sysroot=/] ==> ignore
    arg [--build-id] ==> ignore
    arg [--eh-frame-hdr] ==> ignore
    arg [-m] ==> ignore
    arg [elf_x86_64] ==> ignore
    arg [--hash-style=gnu] ==> ignore
    arg [--as-needed] ==> ignore
    arg [-export-dynamic] ==> ignore
    arg [-dynamic-linker] ==> ignore
    arg [/lib64/ld-linux-x86-64.so.2] ==> ignore
    arg [-zrelro] ==> ignore
    arg [-o] ==> ignore
    arg [cmTC_2e39e] ==> ignore
    arg [/usr/lib/gcc/x86_64-linux-gnu/5/../../../x86_64-linux-gnu/crt1.o] ==> ignore
    arg [/usr/lib/gcc/x86_64-linux-gnu/5/../../../x86_64-linux-gnu/crti.o] ==> ignore
    arg [/usr/lib/gcc/x86_64-linux-gnu/5/crtbegin.o] ==> ignore
    arg [-L/usr/lib/gcc/x86_64-linux-gnu/5] ==> dir [/usr/lib/gcc/x86_64-linux-gnu/5]
    arg [-L/usr/lib/gcc/x86_64-linux-gnu/5/../../../x86_64-linux-gnu] ==> dir [/usr/lib/gcc/x86_64-linux-gnu/5/../../../x86_64-linux-gnu]
    arg [-L/usr/lib/gcc/x86_64-linux-gnu/5/../../../../lib] ==> dir [/usr/lib/gcc/x86_64-linux-gnu/5/../../../../lib]
    arg [-L/lib/x86_64-linux-gnu] ==> dir [/lib/x86_64-linux-gnu]
    arg [-L/lib/../lib] ==> dir [/lib/../lib]
    arg [-L/usr/lib/x86_64-linux-gnu] ==> dir [/usr/lib/x86_64-linux-gnu]
    arg [-L/usr/lib/../lib] ==> dir [/usr/lib/../lib]
    arg [-L/usr/lib/gcc/x86_64-linux-gnu/5/../../..] ==> dir [/usr/lib/gcc/x86_64-linux-gnu/5/../../..]
    arg [CMakeFiles/cmTC_2e39e.dir/CMakeCCompilerABI.c.o] ==> ignore
    arg [-lgcc] ==> lib [gcc]
    arg [--as-needed] ==> ignore
    arg [-lgcc_s] ==> lib [gcc_s]
    arg [--no-as-needed] ==> ignore
    arg [-lc] ==> lib [c]
    arg [-lgcc] ==> lib [gcc]
    arg [--as-needed] ==> ignore
    arg [-lgcc_s] ==> lib [gcc_s]
    arg [--no-as-needed] ==> ignore
    arg [/usr/lib/gcc/x86_64-linux-gnu/5/crtend.o] ==> ignore
    arg [/usr/lib/gcc/x86_64-linux-gnu/5/../../../x86_64-linux-gnu/crtn.o] ==> ignore
  remove lib [gcc]
  remove lib [gcc_s]
  remove lib [gcc]
  remove lib [gcc_s]
  collapse library dir [/usr/lib/gcc/x86_64-linux-gnu/5] ==> [/usr/lib/gcc/x86_64-linux-gnu/5]
  collapse library dir [/usr/lib/gcc/x86_64-linux-gnu/5/../../../x86_64-linux-gnu] ==> [/usr/lib/x86_64-linux-gnu]
  collapse library dir [/usr/lib/gcc/x86_64-linux-gnu/5/../../../../lib] ==> [/usr/lib]
  collapse library dir [/lib/x86_64-linux-gnu] ==> [/lib/x86_64-linux-gnu]
  collapse library dir [/lib/../lib] ==> [/lib]
  collapse library dir [/usr/lib/x86_64-linux-gnu] ==> [/usr/lib/x86_64-linux-gnu]
  collapse library dir [/usr/lib/../lib] ==> [/usr/lib]
  collapse library dir [/usr/lib/gcc/x86_64-linux-gnu/5/../../..] ==> [/usr/lib]
  implicit libs: [c]
  implicit dirs: [/usr/lib/gcc/x86_64-linux-gnu/5;/usr/lib/x86_64-linux-gnu;/usr/lib;/lib/x86_64-linux-gnu;/lib]
  implicit fwks: []




Detecting C [-std=c11] compiler features compiled with the following output:
Change Dir: /home/unitree/lcm-1.4.0/build/CMakeFiles/CMakeTmp

Run Build Command:"/usr/bin/make" "cmTC_0579d/fast"
/usr/bin/make -f CMakeFiles/cmTC_0579d.dir/build.make CMakeFiles/cmTC_0579d.dir/build
make[1]: Entering directory '/home/unitree/lcm-1.4.0/build/CMakeFiles/CMakeTmp'
Building C object CMakeFiles/cmTC_0579d.dir/feature_tests.c.o
/usr/bin/cc    -std=c11 -o CMakeFiles/cmTC_0579d.dir/feature_tests.c.o   -c /home/unitree/lcm-1.4.0/build/CMakeFiles/feature_tests.c
Linking C executable cmTC_0579d
/usr/bin/cmake -E cmake_link_script CMakeFiles/cmTC_0579d.dir/link.txt --verbose=1
/usr/bin/cc       CMakeFiles/cmTC_0579d.dir/feature_tests.c.o  -o cmTC_0579d -rdynamic 
make[1]: Leaving directory '/home/unitree/lcm-1.4.0/build/CMakeFiles/CMakeTmp'


    Feature record: C_FEATURE:1c_function_prototypes
    Feature record: C_FEATURE:1c_restrict
    Feature record: C_FEATURE:1c_static_assert
    Feature record: C_FEATURE:1c_variadic_macros


Detecting C [-std=c99] compiler features compiled with the following output:
Change Dir: /home/unitree/lcm-1.4.0/build/CMakeFiles/CMakeTmp

Run Build Command:"/usr/bin/make" "cmTC_ac2d3/fast"
/usr/bin/make -f CMakeFiles/cmTC_ac2d3.dir/build.make CMakeFiles/cmTC_ac2d3.dir/build
make[1]: Entering directory '/home/unitree/lcm-1.4.0/build/CMakeFiles/CMakeTmp'
Building C object CMakeFiles/cmTC_ac2d3.dir/feature_tests.c.o
/usr/bin/cc    -std=c99 -o CMakeFiles/cmTC_ac2d3.dir/feature_tests.c.o   -c /home/unitree/lcm-1.4.0/build/CMakeFiles/feature_tests.c
Linking C executable cmTC_ac2d3
/usr/bin/cmake -E cmake_link_script CMakeFiles/cmTC_ac2d3.dir/link.txt --verbose=1
/usr/bin/cc       CMakeFiles/cmTC_ac2d3.dir/feature_tests.c.o  -o cmTC_ac2d3 -rdynamic 
make[1]: Leaving directory '/home/unitree/lcm-1.4.0/build/CMakeFiles/CMakeTmp'


    Feature record: C_FEATURE:1c_function_prototypes
    Feature record: C_FEATURE:1c_restrict
    Feature record: C_FEATURE:0c_static_assert
    Feature record: C_FEATURE:1c_variadic_macros


Detecting C [-std=c90] compiler features compiled with the following output:
Change Dir: /home/unitree/lcm-1.4.0/build/CMakeFiles/CMakeTmp

Run Build Command:"/usr/bin/make" "cmTC_53135/fast"
/usr/bin/make -f CMakeFiles/cmTC_53135.dir/build.make CMakeFiles/cmTC_53135.dir/build
make[1]: Entering directory '/home/unitree/lcm-1.4.0/build/CMakeFiles/CMakeTmp'
Building C object CMakeFiles/cmTC_53135.dir/feature_tests.c.o
/usr/bin/cc    -std=c90 -o CMakeFiles/cmTC_53135.dir/feature_tests.c.o   -c /home/unitree/lcm-1.4.0/build/CMakeFiles/feature_tests.c
Linking C executable cmTC_53135
/usr/bin/cmake -E cmake_link_script CMakeFiles/cmTC_53135.dir/link.txt --verbose=1
/usr/bin/cc       CMakeFiles/cmTC_53135.dir/feature_tests.c.o  -o cmTC_53135 -rdynamic 
make[1]: Leaving directory '/home/unitree/lcm-1.4.0/build/CMakeFiles/CMakeTmp'


    Feature record: C_FEATURE:1c_function_prototypes
    Feature record: C_FEATURE:0c_restrict
    Feature record: C_FEATURE:0c_static_assert
    Feature record: C_FEATURE:0c_variadic_macros
Determining if the CXX compiler works passed with the following output:
Change Dir: /home/unitree/lcm-1.4.0/build/CMakeFiles/CMakeTmp

Run Build Command:"/usr/bin/make" "cmTC_86a6f/fast"
/usr/bin/make -f CMakeFiles/cmTC_86a6f.dir/build.make CMakeFiles/cmTC_86a6f.dir/build
make[1]: Entering directory '/home/unitree/lcm-1.4.0/build/CMakeFiles/CMakeTmp'
Building CXX object CMakeFiles/cmTC_86a6f.dir/testCXXCompiler.cxx.o
/usr/bin/c++      -o CMakeFiles/cmTC_86a6f.dir/testCXXCompiler.cxx.o -c /home/unitree/lcm-1.4.0/build/CMakeFiles/CMakeTmp/testCXXCompiler.cxx
Linking CXX executable cmTC_86a6f
/usr/bin/cmake -E cmake_link_script CMakeFiles/cmTC_86a6f.dir/link.txt --verbose=1
/usr/bin/c++        CMakeFiles/cmTC_86a6f.dir/testCXXCompiler.cxx.o  -o cmTC_86a6f -rdynamic 
make[1]: Leaving directory '/home/unitree/lcm-1.4.0/build/CMakeFiles/CMakeTmp'


Detecting CXX compiler ABI info compiled with the following output:
Change Dir: /home/unitree/lcm-1.4.0/build/CMakeFiles/CMakeTmp

Run Build Command:"/usr/bin/make" "cmTC_f1818/fast"
/usr/bin/make -f CMakeFiles/cmTC_f1818.dir/build.make CMakeFiles/cmTC_f1818.dir/build
make[1]: Entering directory '/home/unitree/lcm-1.4.0/build/CMakeFiles/CMakeTmp'
Building CXX object CMakeFiles/cmTC_f1818.dir/CMakeCXXCompilerABI.cpp.o
/usr/bin/c++      -o CMakeFiles/cmTC_f1818.dir/CMakeCXXCompilerABI.cpp.o -c /usr/share/cmake-3.5/Modules/CMakeCXXCompilerABI.cpp
Linking CXX executable cmTC_f1818
/usr/bin/cmake -E cmake_link_script CMakeFiles/cmTC_f1818.dir/link.txt --verbose=1
/usr/bin/c++       -v CMakeFiles/cmTC_f1818.dir/CMakeCXXCompilerABI.cpp.o  -o cmTC_f1818 -rdynamic  
Using built-in specs.
COLLECT_GCC=/usr/bin/c++
COLLECT_LTO_WRAPPER=/usr/lib/gcc/x86_64-linux-gnu/5/lto-wrapper
Target: x86_64-linux-gnu
Configured with: ../src/configure -v --with-pkgversion='Ubuntu 5.4.0-6ubuntu1~16.04.10' --with-bugurl=file:///usr/share/doc/gcc-5/README.Bugs --enable-languages=c,ada,c++,java,go,d,fortran,objc,obj-c++ --prefix=/usr --program-suffix=-5 --enable-shared --enable-linker-build-id --libexecdir=/usr/lib --without-included-gettext --enable-threads=posix --libdir=/usr/lib --enable-nls --with-sysroot=/ --enable-clocale=gnu --enable-libstdcxx-debug --enable-libstdcxx-time=yes --with-default-libstdcxx-abi=new --enable-gnu-unique-object --disable-vtable-verify --enable-libmpx --enable-plugin --with-system-zlib --disable-browser-plugin --enable-java-awt=gtk --enable-gtk-cairo --with-java-home=/usr/lib/jvm/java-1.5.0-gcj-5-amd64/jre --enable-java-home --with-jvm-root-dir=/usr/lib/jvm/java-1.5.0-gcj-5-amd64 --with-jvm-jar-dir=/usr/lib/jvm-exports/java-1.5.0-gcj-5-amd64 --with-arch-directory=amd64 --with-ecj-jar=/usr/share/java/eclipse-ecj.jar --enable-objc-gc --enable-multiarch --disable-werror --with-arch-32=i686 --with-abi=m64 --with-multilib-list=m32,m64,mx32 --enable-multilib --with-tune=generic --enable-checking=release --build=x86_64-linux-gnu --host=x86_64-linux-gnu --target=x86_64-linux-gnu
Thread model: posix
gcc version 5.4.0 20160609 (Ubuntu 5.4.0-6ubuntu1~16.04.10) 
COMPILER_PATH=/usr/lib/gcc/x86_64-linux-gnu/5/:/usr/lib/gcc/x86_64-linux-gnu/5/:/usr/lib/gcc/x86_64-linux-gnu/:/usr/lib/gcc/x86_64-linux-gnu/5/:/usr/lib/gcc/x86_64-linux-gnu/
LIBRARY_PATH=/usr/lib/gcc/x86_64-linux-gnu/5/:/usr/lib/gcc/x86_64-linux-gnu/5/../../../x86_64-linux-gnu/:/usr/lib/gcc/x86_64-linux-gnu/5/../../../../lib/:/lib/x86_64-linux-gnu/:/lib/../lib/:/usr/lib/x86_64-linux-gnu/:/usr/lib/../lib/:/usr/lib/gcc/x86_64-linux-gnu/5/../../../:/lib/:/usr/lib/
COLLECT_GCC_OPTIONS='-v' '-o' 'cmTC_f1818' '-rdynamic' '-shared-libgcc' '-mtune=generic' '-march=x86-64'
 /usr/lib/gcc/x86_64-linux-gnu/5/collect2 -plugin /usr/lib/gcc/x86_64-linux-gnu/5/liblto_plugin.so -plugin-opt=/usr/lib/gcc/x86_64-linux-gnu/5/lto-wrapper -plugin-opt=-fresolution=/tmp/cclNq7Fu.res -plugin-opt=-pass-through=-lgcc_s -plugin-opt=-pass-through=-lgcc -plugin-opt=-pass-through=-lc -plugin-opt=-pass-through=-lgcc_s -plugin-opt=-pass-through=-lgcc --sysroot=/ --build-id --eh-frame-hdr -m elf_x86_64 --hash-style=gnu --as-needed -export-dynamic -dynamic-linker /lib64/ld-linux-x86-64.so.2 -z relro -o cmTC_f1818 /usr/lib/gcc/x86_64-linux-gnu/5/../../../x86_64-linux-gnu/crt1.o /usr/lib/gcc/x86_64-linux-gnu/5/../../../x86_64-linux-gnu/crti.o /usr/lib/gcc/x86_64-linux-gnu/5/crtbegin.o -L/usr/lib/gcc/x86_64-linux-gnu/5 -L/usr/lib/gcc/x86_64-linux-gnu/5/../../../x86_64-linux-gnu -L/usr/lib/gcc/x86_64-linux-gnu/5/../../../../lib -L/lib/x86_64-linux-gnu -L/lib/../lib -L/usr/lib/x86_64-linux-gnu -L/usr/lib/../lib -L/usr/lib/gcc/x86_64-linux-gnu/5/../../.. CMakeFiles/cmTC_f1818.dir/CMakeCXXCompilerABI.cpp.o -lstdc++ -lm -lgcc_s -lgcc -lc -lgcc_s -lgcc /usr/lib/gcc/x86_64-linux-gnu/5/crtend.o /usr/lib/gcc/x86_64-linux-gnu/5/../../../x86_64-linux-gnu/crtn.o
make[1]: Leaving directory '/home/unitree/lcm-1.4.0/build/CMakeFiles/CMakeTmp'


Parsed CXX implicit link information from above output:
  link line regex: [^( *|.*[/\])(ld|([^/\]+-)?ld|collect2)[^/\]*( |$)]
  ignore line: [Change Dir: /home/unitree/lcm-1.4.0/build/CMakeFiles/CMakeTmp]
  ignore line: []
  ignore line: [Run Build Command:"/usr/bin/make" "cmTC_f1818/fast"]
  ignore line: [/usr/bin/make -f CMakeFiles/cmTC_f1818.dir/build.make CMakeFiles/cmTC_f1818.dir/build]
  ignore line: [make[1]: Entering directory '/home/unitree/lcm-1.4.0/build/CMakeFiles/CMakeTmp']
  ignore line: [Building CXX object CMakeFiles/cmTC_f1818.dir/CMakeCXXCompilerABI.cpp.o]
  ignore line: [/usr/bin/c++      -o CMakeFiles/cmTC_f1818.dir/CMakeCXXCompilerABI.cpp.o -c /usr/share/cmake-3.5/Modules/CMakeCXXCompilerABI.cpp]
  ignore line: [Linking CXX executable cmTC_f1818]
  ignore line: [/usr/bin/cmake -E cmake_link_script CMakeFiles/cmTC_f1818.dir/link.txt --verbose=1]
  ignore line: [/usr/bin/c++       -v CMakeFiles/cmTC_f1818.dir/CMakeCXXCompilerABI.cpp.o  -o cmTC_f1818 -rdynamic  ]
  ignore line: [Using built-in specs.]
  ignore line: [COLLECT_GCC=/usr/bin/c++]
  ignore line: [COLLECT_LTO_WRAPPER=/usr/lib/gcc/x86_64-linux-gnu/5/lto-wrapper]
  ignore line: [Target: x86_64-linux-gnu]
  ignore line: [Configured with: ../src/configure -v --with-pkgversion='Ubuntu 5.4.0-6ubuntu1~16.04.10' --with-bugurl=file:///usr/share/doc/gcc-5/README.Bugs --enable-languages=c,ada,c++,java,go,d,fortran,objc,obj-c++ --prefix=/usr --program-suffix=-5 --enable-shared --enable-linker-build-id --libexecdir=/usr/lib --without-included-gettext --enable-threads=posix --libdir=/usr/lib --enable-nls --with-sysroot=/ --enable-clocale=gnu --enable-libstdcxx-debug --enable-libstdcxx-time=yes --with-default-libstdcxx-abi=new --enable-gnu-unique-object --disable-vtable-verify --enable-libmpx --enable-plugin --with-system-zlib --disable-browser-plugin --enable-java-awt=gtk --enable-gtk-cairo --with-java-home=/usr/lib/jvm/java-1.5.0-gcj-5-amd64/jre --enable-java-home --with-jvm-root-dir=/usr/lib/jvm/java-1.5.0-gcj-5-amd64 --with-jvm-jar-dir=/usr/lib/jvm-exports/java-1.5.0-gcj-5-amd64 --with-arch-directory=amd64 --with-ecj-jar=/usr/share/java/eclipse-ecj.jar --enable-objc-gc --enable-multiarch --disable-werror --with-arch-32=i686 --with-abi=m64 --with-multilib-list=m32,m64,mx32 --enable-multilib --with-tune=generic --enable-checking=release --build=x86_64-linux-gnu --host=x86_64-linux-gnu --target=x86_64-linux-gnu]
  ignore line: [Thread model: posix]
  ignore line: [gcc version 5.4.0 20160609 (Ubuntu 5.4.0-6ubuntu1~16.04.10) ]
  ignore line: [COMPILER_PATH=/usr/lib/gcc/x86_64-linux-gnu/5/:/usr/lib/gcc/x86_64-linux-gnu/5/:/usr/lib/gcc/x86_64-linux-gnu/:/usr/lib/gcc/x86_64-linux-gnu/5/:/usr/lib/gcc/x86_64-linux-gnu/]
  ignore line: [LIBRARY_PATH=/usr/lib/gcc/x86_64-linux-gnu/5/:/usr/lib/gcc/x86_64-linux-gnu/5/../../../x86_64-linux-gnu/:/usr/lib/gcc/x86_64-linux-gnu/5/../../../../lib/:/lib/x86_64-linux-gnu/:/lib/../lib/:/usr/lib/x86_64-linux-gnu/:/usr/lib/../lib/:/usr/lib/gcc/x86_64-linux-gnu/5/../../../:/lib/:/usr/lib/]
  ignore line: [COLLECT_GCC_OPTIONS='-v' '-o' 'cmTC_f1818' '-rdynamic' '-shared-libgcc' '-mtune=generic' '-march=x86-64']
  link line: [ /usr/lib/gcc/x86_64-linux-gnu/5/collect2 -plugin /usr/lib/gcc/x86_64-linux-gnu/5/liblto_plugin.so -plugin-opt=/usr/lib/gcc/x86_64-linux-gnu/5/lto-wrapper -plugin-opt=-fresolution=/tmp/cclNq7Fu.res -plugin-opt=-pass-through=-lgcc_s -plugin-opt=-pass-through=-lgcc -plugin-opt=-pass-through=-lc -plugin-opt=-pass-through=-lgcc_s -plugin-opt=-pass-through=-lgcc --sysroot=/ --build-id --eh-frame-hdr -m elf_x86_64 --hash-style=gnu --as-needed -export-dynamic -dynamic-linker /lib64/ld-linux-x86-64.so.2 -z relro -o cmTC_f1818 /usr/lib/gcc/x86_64-linux-gnu/5/../../../x86_64-linux-gnu/crt1.o /usr/lib/gcc/x86_64-linux-gnu/5/../../../x86_64-linux-gnu/crti.o /usr/lib/gcc/x86_64-linux-gnu/5/crtbegin.o -L/usr/lib/gcc/x86_64-linux-gnu/5 -L/usr/lib/gcc/x86_64-linux-gnu/5/../../../x86_64-linux-gnu -L/usr/lib/gcc/x86_64-linux-gnu/5/../../../../lib -L/lib/x86_64-linux-gnu -L/lib/../lib -L/usr/lib/x86_64-linux-gnu -L/usr/lib/../lib -L/usr/lib/gcc/x86_64-linux-gnu/5/../../.. CMakeFiles/cmTC_f1818.dir/CMakeCXXCompilerABI.cpp.o -lstdc++ -lm -lgcc_s -lgcc -lc -lgcc_s -lgcc /usr/lib/gcc/x86_64-linux-gnu/5/crtend.o /usr/lib/gcc/x86_64-linux-gnu/5/../../../x86_64-linux-gnu/crtn.o]
    arg [/usr/lib/gcc/x86_64-linux-gnu/5/collect2] ==> ignore
    arg [-plugin] ==> ignore
    arg [/usr/lib/gcc/x86_64-linux-gnu/5/liblto_plugin.so] ==> ignore
    arg [-plugin-opt=/usr/lib/gcc/x86_64-linux-gnu/5/lto-wrapper] ==> ignore
    arg [-plugin-opt=-fresolution=/tmp/cclNq7Fu.res] ==> ignore
    arg [-plugin-opt=-pass-through=-lgcc_s] ==> ignore
    arg [-plugin-opt=-pass-through=-lgcc] ==> ignore
    arg [-plugin-opt=-pass-through=-lc] ==> ignore
    arg [-plugin-opt=-pass-through=-lgcc_s] ==> ignore
    arg [-plugin-opt=-pass-through=-lgcc] ==> ignore
    arg [--sysroot=/] ==> ignore
    arg [--build-id] ==> ignore
    arg [--eh-frame-hdr] ==> ignore
    arg [-m] ==> ignore
    arg [elf_x86_64] ==> ignore
    arg [--hash-style=gnu] ==> ignore
    arg [--as-needed] ==> ignore
    arg [-export-dynamic] ==> ignore
    arg [-dynamic-linker] ==> ignore
    arg [/lib64/ld-linux-x86-64.so.2] ==> ignore
    arg [-zrelro] ==> ignore
    arg [-o] ==> ignore
    arg [cmTC_f1818] ==> ignore
    arg [/usr/lib/gcc/x86_64-linux-gnu/5/../../../x86_64-linux-gnu/crt1.o] ==> ignore
    arg [/usr/lib/gcc/x86_64-linux-gnu/5/../../../x86_64-linux-gnu/crti.o] ==> ignore
    arg [/usr/lib/gcc/x86_64-linux-gnu/5/crtbegin.o] ==> ignore
    arg [-L/usr/lib/gcc/x86_64-linux-gnu/5] ==> dir [/usr/lib/gcc/x86_64-linux-gnu/5]
    arg [-L/usr/lib/gcc/x86_64-linux-gnu/5/../../../x86_64-linux-gnu] ==> dir [/usr/lib/gcc/x86_64-linux-gnu/5/../../../x86_64-linux-gnu]
    arg [-L/usr/lib/gcc/x86_64-linux-gnu/5/../../../../lib] ==> dir [/usr/lib/gcc/x86_64-linux-gnu/5/../../../../lib]
    arg [-L/lib/x86_64-linux-gnu] ==> dir [/lib/x86_64-linux-gnu]
    arg [-L/lib/../lib] ==> dir [/lib/../lib]
    arg [-L/usr/lib/x86_64-linux-gnu] ==> dir [/usr/lib/x86_64-linux-gnu]
    arg [-L/usr/lib/../lib] ==> dir [/usr/lib/../lib]
    arg [-L/usr/lib/gcc/x86_64-linux-gnu/5/../../..] ==> dir [/usr/lib/gcc/x86_64-linux-gnu/5/../../..]
    arg [CMakeFiles/cmTC_f1818.dir/CMakeCXXCompilerABI.cpp.o] ==> ignore
    arg [-lstdc++] ==> lib [stdc++]
    arg [-lm] ==> lib [m]
    arg [-lgcc_s] ==> lib [gcc_s]
    arg [-lgcc] ==> lib [gcc]
    arg [-lc] ==> lib [c]
    arg [-lgcc_s] ==> lib [gcc_s]
    arg [-lgcc] ==> lib [gcc]
    arg [/usr/lib/gcc/x86_64-linux-gnu/5/crtend.o] ==> ignore
    arg [/usr/lib/gcc/x86_64-linux-gnu/5/../../../x86_64-linux-gnu/crtn.o] ==> ignore
  remove lib [gcc_s]
  remove lib [gcc]
  remove lib [gcc_s]
  remove lib [gcc]
  collapse library dir [/usr/lib/gcc/x86_64-linux-gnu/5] ==> [/usr/lib/gcc/x86_64-linux-gnu/5]
  collapse library dir [/usr/lib/gcc/x86_64-linux-gnu/5/../../../x86_64-linux-gnu] ==> [/usr/lib/x86_64-linux-gnu]
  collapse library dir [/usr/lib/gcc/x86_64-linux-gnu/5/../../../../lib] ==> [/usr/lib]
  collapse library dir [/lib/x86_64-linux-gnu] ==> [/lib/x86_64-linux-gnu]
  collapse library dir [/lib/../lib] ==> [/lib]
  collapse library dir [/usr/lib/x86_64-linux-gnu] ==> [/usr/lib/x86_64-linux-gnu]
  collapse library dir [/usr/lib/../lib] ==> [/usr/lib]
  collapse library dir [/usr/lib/gcc/x86_64-linux-gnu/5/../../..] ==> [/usr/lib]
  implicit libs: [stdc++;m;c]
  implicit dirs: [/usr/lib/gcc/x86_64-linux-gnu/5;/usr/lib/x86_64-linux-gnu;/usr/lib;/lib/x86_64-linux-gnu;/lib]
  implicit fwks: []




Detecting CXX [-std=c++14] compiler features compiled with the following output:
Change Dir: /home/unitree/lcm-1.4.0/build/CMakeFiles/CMakeTmp

Run Build Command:"/usr/bin/make" "cmTC_98024/fast"
/usr/bin/make -f CMakeFiles/cmTC_98024.dir/build.make CMakeFiles/cmTC_98024.dir/build
make[1]: Entering directory '/home/unitree/lcm-1.4.0/build/CMakeFiles/CMakeTmp'
Building CXX object CMakeFiles/cmTC_98024.dir/feature_tests.cxx.o
/usr/bin/c++     -std=c++14 -o CMakeFiles/cmTC_98024.dir/feature_tests.cxx.o -c /home/unitree/lcm-1.4.0/build/CMakeFiles/feature_tests.cxx
Linking CXX executable cmTC_98024
/usr/bin/cmake -E cmake_link_script CMakeFiles/cmTC_98024.dir/link.txt --verbose=1
/usr/bin/c++        CMakeFiles/cmTC_98024.dir/feature_tests.cxx.o  -o cmTC_98024 -rdynamic 
make[1]: Leaving directory '/home/unitree/lcm-1.4.0/build/CMakeFiles/CMakeTmp'


    Feature record: CXX_FEATURE:1cxx_aggregate_default_initializers
    Feature record: CXX_FEATURE:1cxx_alias_templates
    Feature record: CXX_FEATURE:1cxx_alignas
    Feature record: CXX_FEATURE:1cxx_alignof
    Feature record: CXX_FEATURE:1cxx_attributes
    Feature record: CXX_FEATURE:1cxx_attribute_deprecated
    Feature record: CXX_FEATURE:1cxx_auto_type
    Feature record: CXX_FEATURE:1cxx_binary_literals
    Feature record: CXX_FEATURE:1cxx_constexpr
    Feature record: CXX_FEATURE:1cxx_contextual_conversions
    Feature record: CXX_FEATURE:1cxx_decltype
    Feature record: CXX_FEATURE:1cxx_decltype_auto
    Feature record: CXX_FEATURE:1cxx_decltype_incomplete_return_types
    Feature record: CXX_FEATURE:1cxx_default_function_template_args
    Feature record: CXX_FEATURE:1cxx_defaulted_functions
    Feature record: CXX_FEATURE:1cxx_defaulted_move_initializers
    Feature record: CXX_FEATURE:1cxx_delegating_constructors
    Feature record: CXX_FEATURE:1cxx_deleted_functions
    Feature record: CXX_FEATURE:1cxx_digit_separators
    Feature record: CXX_FEATURE:1cxx_enum_forward_declarations
    Feature record: CXX_FEATURE:1cxx_explicit_conversions
    Feature record: CXX_FEATURE:1cxx_extended_friend_declarations
    Feature record: CXX_FEATURE:1cxx_extern_templates
    Feature record: CXX_FEATURE:1cxx_final
    Feature record: CXX_FEATURE:1cxx_func_identifier
    Feature record: CXX_FEATURE:1cxx_generalized_initializers
    Feature record: CXX_FEATURE:1cxx_generic_lambdas
    Feature record: CXX_FEATURE:1cxx_inheriting_constructors
    Feature record: CXX_FEATURE:1cxx_inline_namespaces
    Feature record: CXX_FEATURE:1cxx_lambdas
    Feature record: CXX_FEATURE:1cxx_lambda_init_captures
    Feature record: CXX_FEATURE:1cxx_local_type_template_args
    Feature record: CXX_FEATURE:1cxx_long_long_type
    Feature record: CXX_FEATURE:1cxx_noexcept
    Feature record: CXX_FEATURE:1cxx_nonstatic_member_init
    Feature record: CXX_FEATURE:1cxx_nullptr
    Feature record: CXX_FEATURE:1cxx_override
    Feature record: CXX_FEATURE:1cxx_range_for
    Feature record: CXX_FEATURE:1cxx_raw_string_literals
    Feature record: CXX_FEATURE:1cxx_reference_qualified_functions
    Feature record: CXX_FEATURE:1cxx_relaxed_constexpr
    Feature record: CXX_FEATURE:1cxx_return_type_deduction
    Feature record: CXX_FEATURE:1cxx_right_angle_brackets
    Feature record: CXX_FEATURE:1cxx_rvalue_references
    Feature record: CXX_FEATURE:1cxx_sizeof_member
    Feature record: CXX_FEATURE:1cxx_static_assert
    Feature record: CXX_FEATURE:1cxx_strong_enums
    Feature record: CXX_FEATURE:1cxx_template_template_parameters
    Feature record: CXX_FEATURE:1cxx_thread_local
    Feature record: CXX_FEATURE:1cxx_trailing_return_types
    Feature record: CXX_FEATURE:1cxx_unicode_literals
    Feature record: CXX_FEATURE:1cxx_uniform_initialization
    Feature record: CXX_FEATURE:1cxx_unrestricted_unions
    Feature record: CXX_FEATURE:1cxx_user_literals
    Feature record: CXX_FEATURE:1cxx_variable_templates
    Feature record: CXX_FEATURE:1cxx_variadic_macros
    Feature record: CXX_FEATURE:1cxx_variadic_templates


Detecting CXX [-std=c++11] compiler features compiled with the following output:
Change Dir: /home/unitree/lcm-1.4.0/build/CMakeFiles/CMakeTmp

Run Build Command:"/usr/bin/make" "cmTC_f83ac/fast"
/usr/bin/make -f CMakeFiles/cmTC_f83ac.dir/build.make CMakeFiles/cmTC_f83ac.dir/build
make[1]: Entering directory '/home/unitree/lcm-1.4.0/build/CMakeFiles/CMakeTmp'
Building CXX object CMakeFiles/cmTC_f83ac.dir/feature_tests.cxx.o
/usr/bin/c++     -std=c++11 -o CMakeFiles/cmTC_f83ac.dir/feature_tests.cxx.o -c /home/unitree/lcm-1.4.0/build/CMakeFiles/feature_tests.cxx
Linking CXX executable cmTC_f83ac
/usr/bin/cmake -E cmake_link_script CMakeFiles/cmTC_f83ac.dir/link.txt --verbose=1
/usr/bin/c++        CMakeFiles/cmTC_f83ac.dir/feature_tests.cxx.o  -o cmTC_f83ac -rdynamic 
make[1]: Leaving directory '/home/unitree/lcm-1.4.0/build/CMakeFiles/CMakeTmp'


    Feature record: CXX_FEATURE:0cxx_aggregate_default_initializers
    Feature record: CXX_FEATURE:1cxx_alias_templates
    Feature record: CXX_FEATURE:1cxx_alignas
    Feature record: CXX_FEATURE:1cxx_alignof
    Feature record: CXX_FEATURE:1cxx_attributes
    Feature record: CXX_FEATURE:0cxx_attribute_deprecated
    Feature record: CXX_FEATURE:1cxx_auto_type
    Feature record: CXX_FEATURE:0cxx_binary_literals
    Feature record: CXX_FEATURE:1cxx_constexpr
    Feature record: CXX_FEATURE:0cxx_contextual_conversions
    Feature record: CXX_FEATURE:1cxx_decltype
    Feature record: CXX_FEATURE:0cxx_decltype_auto
    Feature record: CXX_FEATURE:1cxx_decltype_incomplete_return_types
    Feature record: CXX_FEATURE:1cxx_default_function_template_args
    Feature record: CXX_FEATURE:1cxx_defaulted_functions
    Feature record: CXX_FEATURE:1cxx_defaulted_move_initializers
    Feature record: CXX_FEATURE:1cxx_delegating_constructors
    Feature record: CXX_FEATURE:1cxx_deleted_functions
    Feature record: CXX_FEATURE:0cxx_digit_separators
    Feature record: CXX_FEATURE:1cxx_enum_forward_declarations
    Feature record: CXX_FEATURE:1cxx_explicit_conversions
    Feature record: CXX_FEATURE:1cxx_extended_friend_declarations
    Feature record: CXX_FEATURE:1cxx_extern_templates
    Feature record: CXX_FEATURE:1cxx_final
    Feature record: CXX_FEATURE:1cxx_func_identifier
    Feature record: CXX_FEATURE:1cxx_generalized_initializers
    Feature record: CXX_FEATURE:0cxx_generic_lambdas
    Feature record: CXX_FEATURE:1cxx_inheriting_constructors
    Feature record: CXX_FEATURE:1cxx_inline_namespaces
    Feature record: CXX_FEATURE:1cxx_lambdas
    Feature record: CXX_FEATURE:0cxx_lambda_init_captures
    Feature record: CXX_FEATURE:1cxx_local_type_template_args
    Feature record: CXX_FEATURE:1cxx_long_long_type
    Feature record: CXX_FEATURE:1cxx_noexcept
    Feature record: CXX_FEATURE:1cxx_nonstatic_member_init
    Feature record: CXX_FEATURE:1cxx_nullptr
    Feature record: CXX_FEATURE:1cxx_override
    Feature record: CXX_FEATURE:1cxx_range_for
    Feature record: CXX_FEATURE:1cxx_raw_string_literals
    Feature record: CXX_FEATURE:1cxx_reference_qualified_functions
    Feature record: CXX_FEATURE:0cxx_relaxed_constexpr
    Feature record: CXX_FEATURE:0cxx_return_type_deduction
    Feature record: CXX_FEATURE:1cxx_right_angle_brackets
    Feature record: CXX_FEATURE:1cxx_rvalue_references
    Feature record: CXX_FEATURE:1cxx_sizeof_member
    Feature record: CXX_FEATURE:1cxx_static_assert
    Feature record: CXX_FEATURE:1cxx_strong_enums
    Feature record: CXX_FEATURE:1cxx_template_template_parameters
    Feature record: CXX_FEATURE:1cxx_thread_local
    Feature record: CXX_FEATURE:1cxx_trailing_return_types
    Feature record: CXX_FEATURE:1cxx_unicode_literals
    Feature record: CXX_FEATURE:1cxx_uniform_initialization
    Feature record: CXX_FEATURE:1cxx_unrestricted_unions
    Feature record: CXX_FEATURE:1cxx_user_literals
    Feature record: CXX_FEATURE:0cxx_variable_templates
    Feature record: CXX_FEATURE:1cxx_variadic_macros
    Feature record: CXX_FEATURE:1cxx_variadic_templates


Detecting CXX [-std=c++98] compiler features compiled with the following output:
Change Dir: /home/unitree/lcm-1.4.0/build/CMakeFiles/CMakeTmp

Run Build Command:"/usr/bin/make" "cmTC_9bda8/fast"
/usr/bin/make -f CMakeFiles/cmTC_9bda8.dir/build.make CMakeFiles/cmTC_9bda8.dir/build
make[1]: Entering directory '/home/unitree/lcm-1.4.0/build/CMakeFiles/CMakeTmp'
Building CXX object CMakeFiles/cmTC_9bda8.dir/feature_tests.cxx.o
/usr/bin/c++     -std=c++98 -o CMakeFiles/cmTC_9bda8.dir/feature_tests.cxx.o -c /home/unitree/lcm-1.4.0/build/CMakeFiles/feature_tests.cxx
Linking CXX executable cmTC_9bda8
/usr/bin/cmake -E cmake_link_script CMakeFiles/cmTC_9bda8.dir/link.txt --verbose=1
/usr/bin/c++        CMakeFiles/cmTC_9bda8.dir/feature_tests.cxx.o  -o cmTC_9bda8 -rdynamic 
make[1]: Leaving directory '/home/unitree/lcm-1.4.0/build/CMakeFiles/CMakeTmp'


    Feature record: CXX_FEATURE:0cxx_aggregate_default_initializers
    Feature record: CXX_FEATURE:0cxx_alias_templates
    Feature record: CXX_FEATURE:0cxx_alignas
    Feature record: CXX_FEATURE:0cxx_alignof
    Feature record: CXX_FEATURE:0cxx_attributes
    Feature record: CXX_FEATURE:0cxx_attribute_deprecated
    Feature record: CXX_FEATURE:0cxx_auto_type
    Feature record: CXX_FEATURE:0cxx_binary_literals
    Feature record: CXX_FEATURE:0cxx_constexpr
    Feature record: CXX_FEATURE:0cxx_contextual_conversions
    Feature record: CXX_FEATURE:0cxx_decltype
    Feature record: CXX_FEATURE:0cxx_decltype_auto
    Feature record: CXX_FEATURE:0cxx_decltype_incomplete_return_types
    Feature record: CXX_FEATURE:0cxx_default_function_template_args
    Feature record: CXX_FEATURE:0cxx_defaulted_functions
    Feature record: CXX_FEATURE:0cxx_defaulted_move_initializers
    Feature record: CXX_FEATURE:0cxx_delegating_constructors
    Feature record: CXX_FEATURE:0cxx_deleted_functions
    Feature record: CXX_FEATURE:0cxx_digit_separators
    Feature record: CXX_FEATURE:0cxx_enum_forward_declarations
    Feature record: CXX_FEATURE:0cxx_explicit_conversions
    Feature record: CXX_FEATURE:0cxx_extended_friend_declarations
    Feature record: CXX_FEATURE:0cxx_extern_templates
    Feature record: CXX_FEATURE:0cxx_final
    Feature record: CXX_FEATURE:0cxx_func_identifier
    Feature record: CXX_FEATURE:0cxx_generalized_initializers
    Feature record: CXX_FEATURE:0cxx_generic_lambdas
    Feature record: CXX_FEATURE:0cxx_inheriting_constructors
    Feature record: CXX_FEATURE:0cxx_inline_namespaces
    Feature record: CXX_FEATURE:0cxx_lambdas
    Feature record: CXX_FEATURE:0cxx_lambda_init_captures
    Feature record: CXX_FEATURE:0cxx_local_type_template_args
    Feature record: CXX_FEATURE:0cxx_long_long_type
    Feature record: CXX_FEATURE:0cxx_noexcept
    Feature record: CXX_FEATURE:0cxx_nonstatic_member_init
    Feature record: CXX_FEATURE:0cxx_nullptr
    Feature record: CXX_FEATURE:0cxx_override
    Feature record: CXX_FEATURE:0cxx_range_for
    Feature record: CXX_FEATURE:0cxx_raw_string_literals
    Feature record: CXX_FEATURE:0cxx_reference_qualified_functions
    Feature record: CXX_FEATURE:0cxx_relaxed_constexpr
    Feature record: CXX_FEATURE:0cxx_return_type_deduction
    Feature record: CXX_FEATURE:0cxx_right_angle_brackets
    Feature record: CXX_FEATURE:0cxx_rvalue_references
    Feature record: CXX_FEATURE:0cxx_sizeof_member
    Feature record: CXX_FEATURE:0cxx_static_assert
    Feature record: CXX_FEATURE:0cxx_strong_enums
    Feature record: CXX_FEATURE:1cxx_template_template_parameters
    Feature record: CXX_FEATURE:0cxx_thread_local
    Feature record: CXX_FEATURE:0cxx_trailing_return_types
    Feature record: CXX_FEATURE:0cxx_unicode_literals
    Feature record: CXX_FEATURE:0cxx_uniform_initialization
    Feature record: CXX_FEATURE:0cxx_unrestricted_unions
    Feature record: CXX_FEATURE:0cxx_user_literals
    Feature record: CXX_FEATURE:0cxx_variable_templates
    Feature record: CXX_FEATURE:0cxx_variadic_macros
    Feature record: CXX_FEATURE:0cxx_variadic_templates
Performing C SOURCE FILE Test CMAKE_C_COMPILER_SUPPORTS__std_gnu99 succeeded with the following output:
Change Dir: /home/unitree/lcm-1.4.0/build/CMakeFiles/CMakeTmp

Run Build Command:"/usr/bin/make" "cmTC_ab3cf/fast"
/usr/bin/make -f CMakeFiles/cmTC_ab3cf.dir/build.make CMakeFiles/cmTC_ab3cf.dir/build
make[1]: Entering directory '/home/unitree/lcm-1.4.0/build/CMakeFiles/CMakeTmp'
Building C object CMakeFiles/cmTC_ab3cf.dir/src.c.o
/usr/bin/cc    -DCMAKE_C_COMPILER_SUPPORTS__std_gnu99   -std=gnu99 -o CMakeFiles/cmTC_ab3cf.dir/src.c.o   -c /home/unitree/lcm-1.4.0/build/CMakeFiles/CMakeTmp/src.c
Linking C executable cmTC_ab3cf
/usr/bin/cmake -E cmake_link_script CMakeFiles/cmTC_ab3cf.dir/link.txt --verbose=1
/usr/bin/cc   -DCMAKE_C_COMPILER_SUPPORTS__std_gnu99    CMakeFiles/cmTC_ab3cf.dir/src.c.o  -o cmTC_ab3cf -rdynamic 
make[1]: Leaving directory '/home/unitree/lcm-1.4.0/build/CMakeFiles/CMakeTmp'

Source file was:
int main(void) { return 0; }
Performing C SOURCE FILE Test CMAKE_C_COMPILER_SUPPORTS__Wall succeeded with the following output:
Change Dir: /home/unitree/lcm-1.4.0/build/CMakeFiles/CMakeTmp

Run Build Command:"/usr/bin/make" "cmTC_6503c/fast"
/usr/bin/make -f CMakeFiles/cmTC_6503c.dir/build.make CMakeFiles/cmTC_6503c.dir/build
make[1]: Entering directory '/home/unitree/lcm-1.4.0/build/CMakeFiles/CMakeTmp'
Building C object CMakeFiles/cmTC_6503c.dir/src.c.o
/usr/bin/cc    -std=gnu99 -DCMAKE_C_COMPILER_SUPPORTS__Wall   -Wall -o CMakeFiles/cmTC_6503c.dir/src.c.o   -c /home/unitree/lcm-1.4.0/build/CMakeFiles/CMakeTmp/src.c
Linking C executable cmTC_6503c
/usr/bin/cmake -E cmake_link_script CMakeFiles/cmTC_6503c.dir/link.txt --verbose=1
/usr/bin/cc   -std=gnu99 -DCMAKE_C_COMPILER_SUPPORTS__Wall    CMakeFiles/cmTC_6503c.dir/src.c.o  -o cmTC_6503c -rdynamic 
make[1]: Leaving directory '/home/unitree/lcm-1.4.0/build/CMakeFiles/CMakeTmp'

Source file was:
int main(void) { return 0; }
Performing C SOURCE FILE Test CMAKE_C_COMPILER_SUPPORTS__Wshadow succeeded with the following output:
Change Dir: /home/unitree/lcm-1.4.0/build/CMakeFiles/CMakeTmp

Run Build Command:"/usr/bin/make" "cmTC_2eded/fast"
/usr/bin/make -f CMakeFiles/cmTC_2eded.dir/build.make CMakeFiles/cmTC_2eded.dir/build
make[1]: Entering directory '/home/unitree/lcm-1.4.0/build/CMakeFiles/CMakeTmp'
Building C object CMakeFiles/cmTC_2eded.dir/src.c.o
/usr/bin/cc    -std=gnu99 -DCMAKE_C_COMPILER_SUPPORTS__Wshadow   -Wshadow -o CMakeFiles/cmTC_2eded.dir/src.c.o   -c /home/unitree/lcm-1.4.0/build/CMakeFiles/CMakeTmp/src.c
Linking C executable cmTC_2eded
/usr/bin/cmake -E cmake_link_script CMakeFiles/cmTC_2eded.dir/link.txt --verbose=1
/usr/bin/cc   -std=gnu99 -DCMAKE_C_COMPILER_SUPPORTS__Wshadow    CMakeFiles/cmTC_2eded.dir/src.c.o  -o cmTC_2eded -rdynamic 
make[1]: Leaving directory '/home/unitree/lcm-1.4.0/build/CMakeFiles/CMakeTmp'

Source file was:
int main(void) { return 0; }
Performing C SOURCE FILE Test CMAKE_C_COMPILER_SUPPORTS__Wuninitialized succeeded with the following output:
Change Dir: /home/unitree/lcm-1.4.0/build/CMakeFiles/CMakeTmp

Run Build Command:"/usr/bin/make" "cmTC_a0d4d/fast"
/usr/bin/make -f CMakeFiles/cmTC_a0d4d.dir/build.make CMakeFiles/cmTC_a0d4d.dir/build
make[1]: Entering directory '/home/unitree/lcm-1.4.0/build/CMakeFiles/CMakeTmp'
Building C object CMakeFiles/cmTC_a0d4d.dir/src.c.o
/usr/bin/cc    -std=gnu99 -DCMAKE_C_COMPILER_SUPPORTS__Wuninitialized   -Wuninitialized -o CMakeFiles/cmTC_a0d4d.dir/src.c.o   -c /home/unitree/lcm-1.4.0/build/CMakeFiles/CMakeTmp/src.c
Linking C executable cmTC_a0d4d
/usr/bin/cmake -E cmake_link_script CMakeFiles/cmTC_a0d4d.dir/link.txt --verbose=1
/usr/bin/cc   -std=gnu99 -DCMAKE_C_COMPILER_SUPPORTS__Wuninitialized    CMakeFiles/cmTC_a0d4d.dir/src.c.o  -o cmTC_a0d4d -rdynamic 
make[1]: Leaving directory '/home/unitree/lcm-1.4.0/build/CMakeFiles/CMakeTmp'

Source file was:
int main(void) { return 0; }
Performing C SOURCE FILE Test CMAKE_C_COMPILER_SUPPORTS__Wunused_variable succeeded with the following output:
Change Dir: /home/unitree/lcm-1.4.0/build/CMakeFiles/CMakeTmp

Run Build Command:"/usr/bin/make" "cmTC_69ac1/fast"
/usr/bin/make -f CMakeFiles/cmTC_69ac1.dir/build.make CMakeFiles/cmTC_69ac1.dir/build
make[1]: Entering directory '/home/unitree/lcm-1.4.0/build/CMakeFiles/CMakeTmp'
Building C object CMakeFiles/cmTC_69ac1.dir/src.c.o
/usr/bin/cc    -std=gnu99 -DCMAKE_C_COMPILER_SUPPORTS__Wunused_variable   -Wunused-variable -o CMakeFiles/cmTC_69ac1.dir/src.c.o   -c /home/unitree/lcm-1.4.0/build/CMakeFiles/CMakeTmp/src.c
Linking C executable cmTC_69ac1
/usr/bin/cmake -E cmake_link_script CMakeFiles/cmTC_69ac1.dir/link.txt --verbose=1
/usr/bin/cc   -std=gnu99 -DCMAKE_C_COMPILER_SUPPORTS__Wunused_variable    CMakeFiles/cmTC_69ac1.dir/src.c.o  -o cmTC_69ac1 -rdynamic 
make[1]: Leaving directory '/home/unitree/lcm-1.4.0/build/CMakeFiles/CMakeTmp'

Source file was:
int main(void) { return 0; }
Performing C SOURCE FILE Test CMAKE_C_COMPILER_SUPPORTS__Werror_return_type succeeded with the following output:
Change Dir: /home/unitree/lcm-1.4.0/build/CMakeFiles/CMakeTmp

Run Build Command:"/usr/bin/make" "cmTC_cea28/fast"
/usr/bin/make -f CMakeFiles/cmTC_cea28.dir/build.make CMakeFiles/cmTC_cea28.dir/build
make[1]: Entering directory '/home/unitree/lcm-1.4.0/build/CMakeFiles/CMakeTmp'
Building C object CMakeFiles/cmTC_cea28.dir/src.c.o
/usr/bin/cc    -std=gnu99 -DCMAKE_C_COMPILER_SUPPORTS__Werror_return_type   -Werror=return-type -o CMakeFiles/cmTC_cea28.dir/src.c.o   -c /home/unitree/lcm-1.4.0/build/CMakeFiles/CMakeTmp/src.c
Linking C executable cmTC_cea28
/usr/bin/cmake -E cmake_link_script CMakeFiles/cmTC_cea28.dir/link.txt --verbose=1
/usr/bin/cc   -std=gnu99 -DCMAKE_C_COMPILER_SUPPORTS__Werror_return_type    CMakeFiles/cmTC_cea28.dir/src.c.o  -o cmTC_cea28 -rdynamic 
make[1]: Leaving directory '/home/unitree/lcm-1.4.0/build/CMakeFiles/CMakeTmp'

Source file was:
int main(void) { return 0; }
Performing C SOURCE FILE Test CMAKE_C_COMPILER_SUPPORTS__Wno_unused_parameter succeeded with the following output:
Change Dir: /home/unitree/lcm-1.4.0/build/CMakeFiles/CMakeTmp

Run Build Command:"/usr/bin/make" "cmTC_de17c/fast"
/usr/bin/make -f CMakeFiles/cmTC_de17c.dir/build.make CMakeFiles/cmTC_de17c.dir/build
make[1]: Entering directory '/home/unitree/lcm-1.4.0/build/CMakeFiles/CMakeTmp'
Building C object CMakeFiles/cmTC_de17c.dir/src.c.o
/usr/bin/cc    -std=gnu99 -DCMAKE_C_COMPILER_SUPPORTS__Wno_unused_parameter   -Wno-unused-parameter -o CMakeFiles/cmTC_de17c.dir/src.c.o   -c /home/unitree/lcm-1.4.0/build/CMakeFiles/CMakeTmp/src.c
Linking C executable cmTC_de17c
/usr/bin/cmake -E cmake_link_script CMakeFiles/cmTC_de17c.dir/link.txt --verbose=1
/usr/bin/cc   -std=gnu99 -DCMAKE_C_COMPILER_SUPPORTS__Wno_unused_parameter    CMakeFiles/cmTC_de17c.dir/src.c.o  -o cmTC_de17c -rdynamic 
make[1]: Leaving directory '/home/unitree/lcm-1.4.0/build/CMakeFiles/CMakeTmp'

Source file was:
int main(void) { return 0; }
Performing C SOURCE FILE Test CMAKE_C_COMPILER_SUPPORTS__Wno_format_zero_length succeeded with the following output:
Change Dir: /home/unitree/lcm-1.4.0/build/CMakeFiles/CMakeTmp

Run Build Command:"/usr/bin/make" "cmTC_ec2bb/fast"
/usr/bin/make -f CMakeFiles/cmTC_ec2bb.dir/build.make CMakeFiles/cmTC_ec2bb.dir/build
make[1]: Entering directory '/home/unitree/lcm-1.4.0/build/CMakeFiles/CMakeTmp'
Building C object CMakeFiles/cmTC_ec2bb.dir/src.c.o
/usr/bin/cc    -std=gnu99 -DCMAKE_C_COMPILER_SUPPORTS__Wno_format_zero_length   -Wno-format-zero-length -o CMakeFiles/cmTC_ec2bb.dir/src.c.o   -c /home/unitree/lcm-1.4.0/build/CMakeFiles/CMakeTmp/src.c
Linking C executable cmTC_ec2bb
/usr/bin/cmake -E cmake_link_script CMakeFiles/cmTC_ec2bb.dir/link.txt --verbose=1
/usr/bin/cc   -std=gnu99 -DCMAKE_C_COMPILER_SUPPORTS__Wno_format_zero_length    CMakeFiles/cmTC_ec2bb.dir/src.c.o  -o cmTC_ec2bb -rdynamic 
make[1]: Leaving directory '/home/unitree/lcm-1.4.0/build/CMakeFiles/CMakeTmp'

Source file was:
int main(void) { return 0; }
Performing C++ SOURCE FILE Test CMAKE_CXX_COMPILER_SUPPORTS__Wall succeeded with the following output:
Change Dir: /home/unitree/lcm-1.4.0/build/CMakeFiles/CMakeTmp

Run Build Command:"/usr/bin/make" "cmTC_e4598/fast"
/usr/bin/make -f CMakeFiles/cmTC_e4598.dir/build.make CMakeFiles/cmTC_e4598.dir/build
make[1]: Entering directory '/home/unitree/lcm-1.4.0/build/CMakeFiles/CMakeTmp'
Building CXX object CMakeFiles/cmTC_e4598.dir/src.cxx.o
/usr/bin/c++     -DCMAKE_CXX_COMPILER_SUPPORTS__Wall   -Wall -o CMakeFiles/cmTC_e4598.dir/src.cxx.o -c /home/unitree/lcm-1.4.0/build/CMakeFiles/CMakeTmp/src.cxx
Linking CXX executable cmTC_e4598
/usr/bin/cmake -E cmake_link_script CMakeFiles/cmTC_e4598.dir/link.txt --verbose=1
/usr/bin/c++    -DCMAKE_CXX_COMPILER_SUPPORTS__Wall    CMakeFiles/cmTC_e4598.dir/src.cxx.o  -o cmTC_e4598 -rdynamic 
make[1]: Leaving directory '/home/unitree/lcm-1.4.0/build/CMakeFiles/CMakeTmp'

Source file was:
int main() { return 0; }
Performing C++ SOURCE FILE Test CMAKE_CXX_COMPILER_SUPPORTS__Wshadow succeeded with the following output:
Change Dir: /home/unitree/lcm-1.4.0/build/CMakeFiles/CMakeTmp

Run Build Command:"/usr/bin/make" "cmTC_f79a0/fast"
/usr/bin/make -f CMakeFiles/cmTC_f79a0.dir/build.make CMakeFiles/cmTC_f79a0.dir/build
make[1]: Entering directory '/home/unitree/lcm-1.4.0/build/CMakeFiles/CMakeTmp'
Building CXX object CMakeFiles/cmTC_f79a0.dir/src.cxx.o
/usr/bin/c++     -DCMAKE_CXX_COMPILER_SUPPORTS__Wshadow   -Wshadow -o CMakeFiles/cmTC_f79a0.dir/src.cxx.o -c /home/unitree/lcm-1.4.0/build/CMakeFiles/CMakeTmp/src.cxx
Linking CXX executable cmTC_f79a0
/usr/bin/cmake -E cmake_link_script CMakeFiles/cmTC_f79a0.dir/link.txt --verbose=1
/usr/bin/c++    -DCMAKE_CXX_COMPILER_SUPPORTS__Wshadow    CMakeFiles/cmTC_f79a0.dir/src.cxx.o  -o cmTC_f79a0 -rdynamic 
make[1]: Leaving directory '/home/unitree/lcm-1.4.0/build/CMakeFiles/CMakeTmp'

Source file was:
int main() { return 0; }
Performing C++ SOURCE FILE Test CMAKE_CXX_COMPILER_SUPPORTS__Wuninitialized succeeded with the following output:
Change Dir: /home/unitree/lcm-1.4.0/build/CMakeFiles/CMakeTmp

Run Build Command:"/usr/bin/make" "cmTC_bd58e/fast"
/usr/bin/make -f CMakeFiles/cmTC_bd58e.dir/build.make CMakeFiles/cmTC_bd58e.dir/build
make[1]: Entering directory '/home/unitree/lcm-1.4.0/build/CMakeFiles/CMakeTmp'
Building CXX object CMakeFiles/cmTC_bd58e.dir/src.cxx.o
/usr/bin/c++     -DCMAKE_CXX_COMPILER_SUPPORTS__Wuninitialized   -Wuninitialized -o CMakeFiles/cmTC_bd58e.dir/src.cxx.o -c /home/unitree/lcm-1.4.0/build/CMakeFiles/CMakeTmp/src.cxx
Linking CXX executable cmTC_bd58e
/usr/bin/cmake -E cmake_link_script CMakeFiles/cmTC_bd58e.dir/link.txt --verbose=1
/usr/bin/c++    -DCMAKE_CXX_COMPILER_SUPPORTS__Wuninitialized    CMakeFiles/cmTC_bd58e.dir/src.cxx.o  -o cmTC_bd58e -rdynamic 
make[1]: Leaving directory '/home/unitree/lcm-1.4.0/build/CMakeFiles/CMakeTmp'

Source file was:
int main() { return 0; }
Performing C++ SOURCE FILE Test CMAKE_CXX_COMPILER_SUPPORTS__Wunused_variable succeeded with the following output:
Change Dir: /home/unitree/lcm-1.4.0/build/CMakeFiles/CMakeTmp

Run Build Command:"/usr/bin/make" "cmTC_dc47e/fast"
/usr/bin/make -f CMakeFiles/cmTC_dc47e.dir/build.make CMakeFiles/cmTC_dc47e.dir/build
make[1]: Entering directory '/home/unitree/lcm-1.4.0/build/CMakeFiles/CMakeTmp'
Building CXX object CMakeFiles/cmTC_dc47e.dir/src.cxx.o
/usr/bin/c++     -DCMAKE_CXX_COMPILER_SUPPORTS__Wunused_variable   -Wunused-variable -o CMakeFiles/cmTC_dc47e.dir/src.cxx.o -c /home/unitree/lcm-1.4.0/build/CMakeFiles/CMakeTmp/src.cxx
Linking CXX executable cmTC_dc47e
/usr/bin/cmake -E cmake_link_script CMakeFiles/cmTC_dc47e.dir/link.txt --verbose=1
/usr/bin/c++    -DCMAKE_CXX_COMPILER_SUPPORTS__Wunused_variable    CMakeFiles/cmTC_dc47e.dir/src.cxx.o  -o cmTC_dc47e -rdynamic 
make[1]: Leaving directory '/home/unitree/lcm-1.4.0/build/CMakeFiles/CMakeTmp'

Source file was:
int main() { return 0; }
Performing C++ SOURCE FILE Test CMAKE_CXX_COMPILER_SUPPORTS__Werror_return_type succeeded with the following output:
Change Dir: /home/unitree/lcm-1.4.0/build/CMakeFiles/CMakeTmp

Run Build Command:"/usr/bin/make" "cmTC_b86ea/fast"
/usr/bin/make -f CMakeFiles/cmTC_b86ea.dir/build.make CMakeFiles/cmTC_b86ea.dir/build
make[1]: Entering directory '/home/unitree/lcm-1.4.0/build/CMakeFiles/CMakeTmp'
Building CXX object CMakeFiles/cmTC_b86ea.dir/src.cxx.o
/usr/bin/c++     -DCMAKE_CXX_COMPILER_SUPPORTS__Werror_return_type   -Werror=return-type -o CMakeFiles/cmTC_b86ea.dir/src.cxx.o -c /home/unitree/lcm-1.4.0/build/CMakeFiles/CMakeTmp/src.cxx
Linking CXX executable cmTC_b86ea
/usr/bin/cmake -E cmake_link_script CMakeFiles/cmTC_b86ea.dir/link.txt --verbose=1
/usr/bin/c++    -DCMAKE_CXX_COMPILER_SUPPORTS__Werror_return_type    CMakeFiles/cmTC_b86ea.dir/src.cxx.o  -o cmTC_b86ea -rdynamic 
make[1]: Leaving directory '/home/unitree/lcm-1.4.0/build/CMakeFiles/CMakeTmp'

Source file was:
int main() { return 0; }
Performing C++ SOURCE FILE Test CMAKE_CXX_COMPILER_SUPPORTS__Wno_unused_parameter succeeded with the following output:
Change Dir: /home/unitree/lcm-1.4.0/build/CMakeFiles/CMakeTmp

Run Build Command:"/usr/bin/make" "cmTC_aa66d/fast"
/usr/bin/make -f CMakeFiles/cmTC_aa66d.dir/build.make CMakeFiles/cmTC_aa66d.dir/build
make[1]: Entering directory '/home/unitree/lcm-1.4.0/build/CMakeFiles/CMakeTmp'
Building CXX object CMakeFiles/cmTC_aa66d.dir/src.cxx.o
/usr/bin/c++     -DCMAKE_CXX_COMPILER_SUPPORTS__Wno_unused_parameter   -Wno-unused-parameter -o CMakeFiles/cmTC_aa66d.dir/src.cxx.o -c /home/unitree/lcm-1.4.0/build/CMakeFiles/CMakeTmp/src.cxx
Linking CXX executable cmTC_aa66d
/usr/bin/cmake -E cmake_link_script CMakeFiles/cmTC_aa66d.dir/link.txt --verbose=1
/usr/bin/c++    -DCMAKE_CXX_COMPILER_SUPPORTS__Wno_unused_parameter    CMakeFiles/cmTC_aa66d.dir/src.cxx.o  -o cmTC_aa66d -rdynamic 
make[1]: Leaving directory '/home/unitree/lcm-1.4.0/build/CMakeFiles/CMakeTmp'

Source file was:
int main() { return 0; }
Performing C++ SOURCE FILE Test CMAKE_CXX_COMPILER_SUPPORTS__Wno_format_zero_length succeeded with the following output:
Change Dir: /home/unitree/lcm-1.4.0/build/CMakeFiles/CMakeTmp

Run Build Command:"/usr/bin/make" "cmTC_b7ef6/fast"
/usr/bin/make -f CMakeFiles/cmTC_b7ef6.dir/build.make CMakeFiles/cmTC_b7ef6.dir/build
make[1]: Entering directory '/home/unitree/lcm-1.4.0/build/CMakeFiles/CMakeTmp'
Building CXX object CMakeFiles/cmTC_b7ef6.dir/src.cxx.o
/usr/bin/c++     -DCMAKE_CXX_COMPILER_SUPPORTS__Wno_format_zero_length   -Wno-format-zero-length -o CMakeFiles/cmTC_b7ef6.dir/src.cxx.o -c /home/unitree/lcm-1.4.0/build/CMakeFiles/CMakeTmp/src.cxx
Linking CXX executable cmTC_b7ef6
/usr/bin/cmake -E cmake_link_script CMakeFiles/cmTC_b7ef6.dir/link.txt --verbose=1
/usr/bin/c++    -DCMAKE_CXX_COMPILER_SUPPORTS__Wno_format_zero_length    CMakeFiles/cmTC_b7ef6.dir/src.cxx.o  -o cmTC_b7ef6 -rdynamic 
make[1]: Leaving directory '/home/unitree/lcm-1.4.0/build/CMakeFiles/CMakeTmp'

Source file was:
int main() { return 0; }
Determining if the include file pthread.h exists passed with the following output:
Change Dir: /home/unitree/lcm-1.4.0/build/CMakeFiles/CMakeTmp

Run Build Command:"/usr/bin/make" "cmTC_db631/fast"
/usr/bin/make -f CMakeFiles/cmTC_db631.dir/build.make CMakeFiles/cmTC_db631.dir/build
make[1]: Entering directory '/home/unitree/lcm-1.4.0/build/CMakeFiles/CMakeTmp'
Building C object CMakeFiles/cmTC_db631.dir/CheckIncludeFile.c.o
/usr/bin/cc    -std=gnu99 -Wno-format-zero-length    -o CMakeFiles/cmTC_db631.dir/CheckIncludeFile.c.o   -c /home/unitree/lcm-1.4.0/build/CMakeFiles/CMakeTmp/CheckIncludeFile.c
Linking C executable cmTC_db631
/usr/bin/cmake -E cmake_link_script CMakeFiles/cmTC_db631.dir/link.txt --verbose=1
/usr/bin/cc   -std=gnu99 -Wno-format-zero-length     CMakeFiles/cmTC_db631.dir/CheckIncludeFile.c.o  -o cmTC_db631 -rdynamic 
make[1]: Leaving directory '/home/unitree/lcm-1.4.0/build/CMakeFiles/CMakeTmp'


Determining if the function pthread_create exists in the pthread passed with the following output:
Change Dir: /home/unitree/lcm-1.4.0/build/CMakeFiles/CMakeTmp

Run Build Command:"/usr/bin/make" "cmTC_95844/fast"
/usr/bin/make -f CMakeFiles/cmTC_95844.dir/build.make CMakeFiles/cmTC_95844.dir/build
make[1]: Entering directory '/home/unitree/lcm-1.4.0/build/CMakeFiles/CMakeTmp'
Building C object CMakeFiles/cmTC_95844.dir/CheckFunctionExists.c.o
/usr/bin/cc    -std=gnu99 -Wno-format-zero-length -DCHECK_FUNCTION_EXISTS=pthread_create   -o CMakeFiles/cmTC_95844.dir/CheckFunctionExists.c.o   -c /usr/share/cmake-3.5/Modules/CheckFunctionExists.c
Linking C executable cmTC_95844
/usr/bin/cmake -E cmake_link_script CMakeFiles/cmTC_95844.dir/link.txt --verbose=1
/usr/bin/cc   -std=gnu99 -Wno-format-zero-length -DCHECK_FUNCTION_EXISTS=pthread_create    CMakeFiles/cmTC_95844.dir/CheckFunctionExists.c.o  -o cmTC_95844 -rdynamic -lpthread 
make[1]: Leaving directory '/home/unitree/lcm-1.4.0/build/CMakeFiles/CMakeTmp'


Performing C++ SOURCE FILE Test COMPILER_HAS_HIDDEN_VISIBILITY succeeded with the following output:
Change Dir: /home/unitree/lcm-1.4.0/build/CMakeFiles/CMakeTmp

Run Build Command:"/usr/bin/make" "cmTC_61ace/fast"
/usr/bin/make -f CMakeFiles/cmTC_61ace.dir/build.make CMakeFiles/cmTC_61ace.dir/build
make[1]: Entering directory '/home/unitree/lcm-1.4.0/build/CMakeFiles/CMakeTmp'
Building CXX object CMakeFiles/cmTC_61ace.dir/src.cxx.o
/usr/bin/c++     -Wno-format-zero-length -DCOMPILER_HAS_HIDDEN_VISIBILITY -fPIE   -fvisibility=hidden -o CMakeFiles/cmTC_61ace.dir/src.cxx.o -c /home/unitree/lcm-1.4.0/build/CMakeFiles/CMakeTmp/src.cxx
Linking CXX executable cmTC_61ace
/usr/bin/cmake -E cmake_link_script CMakeFiles/cmTC_61ace.dir/link.txt --verbose=1
/usr/bin/c++    -Wno-format-zero-length -DCOMPILER_HAS_HIDDEN_VISIBILITY    CMakeFiles/cmTC_61ace.dir/src.cxx.o  -o cmTC_61ace -rdynamic 
make[1]: Leaving directory '/home/unitree/lcm-1.4.0/build/CMakeFiles/CMakeTmp'

Source file was:
int main() { return 0; }
Performing C++ SOURCE FILE Test COMPILER_HAS_HIDDEN_INLINE_VISIBILITY succeeded with the following output:
Change Dir: /home/unitree/lcm-1.4.0/build/CMakeFiles/CMakeTmp

Run Build Command:"/usr/bin/make" "cmTC_02950/fast"
/usr/bin/make -f CMakeFiles/cmTC_02950.dir/build.make CMakeFiles/cmTC_02950.dir/build
make[1]: Entering directory '/home/unitree/lcm-1.4.0/build/CMakeFiles/CMakeTmp'
Building CXX object CMakeFiles/cmTC_02950.dir/src.cxx.o
/usr/bin/c++     -Wno-format-zero-length -DCOMPILER_HAS_HIDDEN_INLINE_VISIBILITY -fPIE   -fvisibility-inlines-hidden -o CMakeFiles/cmTC_02950.dir/src.cxx.o -c /home/unitree/lcm-1.4.0/build/CMakeFiles/CMakeTmp/src.cxx
Linking CXX executable cmTC_02950
/usr/bin/cmake -E cmake_link_script CMakeFiles/cmTC_02950.dir/link.txt --verbose=1
/usr/bin/c++    -Wno-format-zero-length -DCOMPILER_HAS_HIDDEN_INLINE_VISIBILITY    CMakeFiles/cmTC_02950.dir/src.cxx.o  -o cmTC_02950 -rdynamic 
make[1]: Leaving directory '/home/unitree/lcm-1.4.0/build/CMakeFiles/CMakeTmp'

Source file was:
int main() { return 0; }
Performing C++ SOURCE FILE Test COMPILER_HAS_DEPRECATED_ATTR succeeded with the following output:
Change Dir: /home/unitree/lcm-1.4.0/build/CMakeFiles/CMakeTmp

Run Build Command:"/usr/bin/make" "cmTC_cde2e/fast"
/usr/bin/make -f CMakeFiles/cmTC_cde2e.dir/build.make CMakeFiles/cmTC_cde2e.dir/build
make[1]: Entering directory '/home/unitree/lcm-1.4.0/build/CMakeFiles/CMakeTmp'
Building CXX object CMakeFiles/cmTC_cde2e.dir/src.cxx.o
/usr/bin/c++     -Wno-format-zero-length -DCOMPILER_HAS_DEPRECATED_ATTR -fPIE   -o CMakeFiles/cmTC_cde2e.dir/src.cxx.o -c /home/unitree/lcm-1.4.0/build/CMakeFiles/CMakeTmp/src.cxx
/home/unitree/lcm-1.4.0/build/CMakeFiles/CMakeTmp/src.cxx: In function int main():
/home/unitree/lcm-1.4.0/build/CMakeFiles/CMakeTmp/src.cxx:2:25: warning: int somefunc() is deprecated [-Wdeprecated-declarations]
     int main() { return somefunc();}
                         ^
/home/unitree/lcm-1.4.0/build/CMakeFiles/CMakeTmp/src.cxx:1:37: note: declared here
 __attribute__((__deprecated__)) int somefunc() { return 0; }
                                     ^
/home/unitree/lcm-1.4.0/build/CMakeFiles/CMakeTmp/src.cxx:2:25: warning: int somefunc() is deprecated [-Wdeprecated-declarations]
     int main() { return somefunc();}
                         ^
/home/unitree/lcm-1.4.0/build/CMakeFiles/CMakeTmp/src.cxx:1:37: note: declared here
 __attribute__((__deprecated__)) int somefunc() { return 0; }
                                     ^
/home/unitree/lcm-1.4.0/build/CMakeFiles/CMakeTmp/src.cxx:2:34: warning: int somefunc() is deprecated [-Wdeprecated-declarations]
     int main() { return somefunc();}
                                  ^
/home/unitree/lcm-1.4.0/build/CMakeFiles/CMakeTmp/src.cxx:1:37: note: declared here
 __attribute__((__deprecated__)) int somefunc() { return 0; }
                                     ^
Linking CXX executable cmTC_cde2e
/usr/bin/cmake -E cmake_link_script CMakeFiles/cmTC_cde2e.dir/link.txt --verbose=1
/usr/bin/c++    -Wno-format-zero-length -DCOMPILER_HAS_DEPRECATED_ATTR    CMakeFiles/cmTC_cde2e.dir/src.cxx.o  -o cmTC_cde2e -rdynamic 
make[1]: Leaving directory '/home/unitree/lcm-1.4.0/build/CMakeFiles/CMakeTmp'

Source file was:
__attribute__((__deprecated__)) int somefunc() { return 0; }
    int main() { return somefunc();}
