Determining if the pthread_create exist failed with the following output:
Change Dir: /home/unitree/lcm-1.4.0/build/CMakeFiles/CMakeTmp

Run Build Command:"/usr/bin/make" "cmTC_47f73/fast"
/usr/bin/make -f CMakeFiles/cmTC_47f73.dir/build.make CMakeFiles/cmTC_47f73.dir/build
make[1]: Entering directory '/home/unitree/lcm-1.4.0/build/CMakeFiles/CMakeTmp'
Building C object CMakeFiles/cmTC_47f73.dir/CheckSymbolExists.c.o
/usr/bin/cc    -std=gnu99 -Wno-format-zero-length    -o CMakeFiles/cmTC_47f73.dir/CheckSymbolExists.c.o   -c /home/unitree/lcm-1.4.0/build/CMakeFiles/CMakeTmp/CheckSymbolExists.c
Linking C executable cmTC_47f73
/usr/bin/cmake -E cmake_link_script CMakeFiles/cmTC_47f73.dir/link.txt --verbose=1
/usr/bin/cc   -std=gnu99 -Wno-format-zero-length     CMakeFiles/cmTC_47f73.dir/CheckSymbolExists.c.o  -o cmTC_47f73 -rdynamic 
CMakeFiles/cmTC_47f73.dir/CheckSymbolExists.c.o: In function `main':
CheckSymbolExists.c:(.text+0x16): undefined reference to `pthread_create'
collect2: error: ld returned 1 exit status
CMakeFiles/cmTC_47f73.dir/build.make:97: recipe for target 'cmTC_47f73' failed
make[1]: *** [cmTC_47f73] Error 1
make[1]: Leaving directory '/home/unitree/lcm-1.4.0/build/CMakeFiles/CMakeTmp'
Makefile:126: recipe for target 'cmTC_47f73/fast' failed
make: *** [cmTC_47f73/fast] Error 2

File /home/unitree/lcm-1.4.0/build/CMakeFiles/CMakeTmp/CheckSymbolExists.c:
/* */
#include <pthread.h>

int main(int argc, char** argv)
{
  (void)argv;
#ifndef pthread_create
  return ((int*)(&pthread_create))[argc];
#else
  (void)argc;
  return 0;
#endif
}

Determining if the function pthread_create exists in the pthreads failed with the following output:
Change Dir: /home/unitree/lcm-1.4.0/build/CMakeFiles/CMakeTmp

Run Build Command:"/usr/bin/make" "cmTC_a7de9/fast"
/usr/bin/make -f CMakeFiles/cmTC_a7de9.dir/build.make CMakeFiles/cmTC_a7de9.dir/build
make[1]: Entering directory '/home/unitree/lcm-1.4.0/build/CMakeFiles/CMakeTmp'
Building C object CMakeFiles/cmTC_a7de9.dir/CheckFunctionExists.c.o
/usr/bin/cc    -std=gnu99 -Wno-format-zero-length -DCHECK_FUNCTION_EXISTS=pthread_create   -o CMakeFiles/cmTC_a7de9.dir/CheckFunctionExists.c.o   -c /usr/share/cmake-3.5/Modules/CheckFunctionExists.c
Linking C executable cmTC_a7de9
/usr/bin/cmake -E cmake_link_script CMakeFiles/cmTC_a7de9.dir/link.txt --verbose=1
/usr/bin/cc   -std=gnu99 -Wno-format-zero-length -DCHECK_FUNCTION_EXISTS=pthread_create    CMakeFiles/cmTC_a7de9.dir/CheckFunctionExists.c.o  -o cmTC_a7de9 -rdynamic -lpthreads 
/usr/bin/ld: cannot find -lpthreads
collect2: error: ld returned 1 exit status
CMakeFiles/cmTC_a7de9.dir/build.make:97: recipe for target 'cmTC_a7de9' failed
make[1]: *** [cmTC_a7de9] Error 1
make[1]: Leaving directory '/home/unitree/lcm-1.4.0/build/CMakeFiles/CMakeTmp'
Makefile:126: recipe for target 'cmTC_a7de9/fast' failed
make: *** [cmTC_a7de9/fast] Error 2


